2023-09-09 17:39:34.025 | DEBUG    | palette:generate_random_black:114 - generate_random_black: (0.08888888888888889, 1, 0.02)
2023-09-09 17:40:39.441 | DEBUG    | palette:generate_random_black:114 - generate_random_black: (0.12222222222222222, 1, 0.08)
2023-09-10 11:25:21.428 | DEBUG    | palette:generate_random_black:114 - generate_random_black: (0.925, 1, 0.02)
2023-09-10 11:25:37.578 | DEBUG    | palette:generate_random_black:114 - generate_random_black: (0.05277777777777778, 1, 0.08)
2023-09-10 14:22:20.912 | DEBUG    | palette:generate_random_black:114 - generate_random_black: (0.5083333333333333, 1, 0.07)
2023-09-12 15:03:03.141 | DEBUG    | palette:generate_random_black:114 - generate_random_black: (0.07222222222222222, 1, 0.04)
2023-09-12 15:03:19.806 | DEBUG    | palette:generate_random_black:114 - generate_random_black: (0.7722222222222223, 1, 0.09)
2023-09-15 16:02:59.724 | DEBUG    | palette:generate_random_black:114 - generate_random_black: (0.030555555555555555, 1, 0.03)
2023-09-16 12:10:35.984 | DEBUG    | palette:generate_random_black:114 - generate_random_black: (0.23055555555555557, 1, 0.01)
2023-09-16 12:10:50.123 | DEBUG    | palette:generate_random_black:114 - generate_random_black: (0.575, 1, 0.1)
2023-09-16 21:09:05.834 | DEBUG    | palette:generate_random_black:114 - generate_random_black: (0.45, 1, 0.0)
2023-09-16 21:09:31.828 | DEBUG    | palette:generate_random_black:114 - generate_random_black: (0.7472222222222222, 1, 0.01)
2023-09-16 21:09:43.894 | DEBUG    | palette:generate_random_black:114 - generate_random_black: (0.2861111111111111, 1, 0.04)
2023-09-16 21:09:53.561 | DEBUG    | palette:generate_random_black:114 - generate_random_black: (0.03611111111111111, 1, 0.09)
2023-09-16 21:10:03.430 | DEBUG    | palette:generate_random_black:114 - generate_random_black: (0.9805555555555555, 1, 0.08)
2023-09-16 21:10:13.230 | DEBUG    | palette:generate_random_black:114 - generate_random_black: (0.2861111111111111, 1, 0.04)
2023-09-16 21:11:46.145 | DEBUG    | palette:generate_random_black:114 - generate_random_black: (0.975, 1, 0.04)
2023-09-16 21:11:58.687 | DEBUG    | palette:generate_random_black:114 - generate_random_black: (0.3111111111111111, 1, 0.08)
2023-09-16 21:12:08.173 | DEBUG    | palette:generate_random_black:114 - generate_random_black: (0.013888888888888888, 1, 0.09)
2023-09-16 21:15:38.327 | DEBUG    | palette:generate_random_black:114 - generate_random_black: (0.3194444444444444, 1, 0.09)
2023-09-16 21:20:43.017 | DEBUG    | palette:generate_random_black:114 - generate_random_black: (0.33611111111111114, 1, 0.1)
2023-09-16 21:21:35.093 | DEBUG    | palette:generate_random_black:114 - generate_random_black: (0.6027777777777777, 1, 0.01)
2023-09-16 21:22:23.167 | DEBUG    | palette:generate_random_black:114 - generate_random_black: (0.2722222222222222, 1, 0.04)
2023-09-16 21:23:01.192 | DEBUG    | palette:generate_random_black:114 - generate_random_black: (0.5805555555555556, 1, 0.07)
2023-09-16 21:27:24.770 | DEBUG    | palette:generate_random_black:116 - generate_random_black: (0.6666666666666666, 1, 0.07)
2023-09-16 21:27:43.895 | DEBUG    | palette:generate_random_black:116 - generate_random_black: (0.16666666666666666, 1, 0.03)
2023-09-16 21:27:53.849 | DEBUG    | palette:generate_random_black:116 - generate_random_black: (0.6388888888888888, 1, 0.0)
2023-09-16 21:28:50.528 | DEBUG    | palette:generate_random_black:116 - generate_random_black: (0.7777777777777778, 1, 0.1)
2023-09-16 21:31:11.184 | DEBUG    | palette:generate_random_black:116 - generate_random_black: (0.08333333333333333, 1, 0.12)
2023-09-16 21:31:20.607 | DEBUG    | palette:generate_random_black:116 - generate_random_black: (0.6944444444444444, 1, 0.08)
2023-09-16 21:31:30.316 | DEBUG    | palette:generate_random_black:116 - generate_random_black: (0.9722222222222222, 1, 0.15)
2023-09-16 21:31:40.550 | DEBUG    | palette:generate_random_black:116 - generate_random_black: (0.8055555555555556, 1, 0.15)
2023-09-16 21:36:10.878 | DEBUG    | palette:generate_random_black:116 - generate_random_black: (0.16666666666666666, 1, 0.09)
2023-09-16 21:36:48.839 | DEBUG    | palette:generate_random_black:116 - generate_random_black: (0.3055555555555556, 1, 0.08)
2023-09-16 21:37:06.149 | DEBUG    | palette:generate_random_black:116 - generate_random_black: (0.6388888888888888, 1, 0.11)
2023-09-16 21:37:19.076 | DEBUG    | palette:generate_random_black:116 - generate_random_black: (1.0, 1, 0.1)
2023-09-16 21:38:39.151 | DEBUG    | palette:generate_random_black:116 - generate_random_black: (0.6111111111111112, 1, 0.01)
2023-09-16 21:38:49.000 | DEBUG    | palette:generate_random_black:116 - generate_random_black: (0.3333333333333333, 1, 0.01)
2023-09-16 21:38:58.934 | DEBUG    | palette:generate_random_black:116 - generate_random_black: (0.027777777777777776, 1, 0.03)
2023-09-16 21:39:08.523 | DEBUG    | palette:generate_random_black:116 - generate_random_black: (0.5, 1, 0.03)
2023-09-16 21:39:20.748 | DEBUG    | palette:generate_random_black:116 - generate_random_black: (0.08333333333333333, 1, 0.05)
2023-09-16 21:39:30.108 | DEBUG    | palette:generate_random_black:116 - generate_random_black: (0.8888888888888888, 1, 0.05)
2023-09-16 21:39:40.572 | DEBUG    | palette:generate_random_black:116 - generate_random_black: (0.6944444444444444, 1, 0.02)
2023-09-16 21:39:50.623 | DEBUG    | palette:generate_random_black:116 - generate_random_black: (0.6111111111111112, 1, 0.03)
2023-09-16 21:52:42.840 | DEBUG    | palette:generate_random_black:116 - generate_random_black: (1.0, 1, 0.02)
2023-09-16 21:54:11.570 | DEBUG    | palette:generate_random_black:116 - generate_random_black: (0.7777777777777778, 1, 0.03)
2023-09-16 21:54:24.368 | DEBUG    | palette:generate_random_black:116 - generate_random_black: (0.3611111111111111, 1, 0.05)
2023-09-16 21:55:18.767 | DEBUG    | palette:generate_random_black:116 - generate_random_black: (0.08333333333333333, 1, 0.02)
2023-09-16 21:57:07.126 | DEBUG    | palette:generate_random_black:116 - generate_random_black: (0.6388888888888888, 1, 0.01)
2023-09-16 21:58:56.542 | DEBUG    | palette:generate_random_black:116 - generate_random_black: (0.19444444444444445, 1, 0.02)
2023-09-16 21:59:38.175 | DEBUG    | palette:generate_random_black:116 - generate_random_black: (0.3611111111111111, 1, 0.03)
2023-09-16 22:08:22.056 | DEBUG    | palette:generate_random_black:116 - generate_random_black: (0.05555555555555555, 1, 0.01)
2023-09-16 22:08:44.084 | DEBUG    | palette:generate_random_black:116 - generate_random_black: (0.7777777777777778, 1, 0.03)
2023-09-16 22:10:30.977 | DEBUG    | palette:generate_random_black:116 - generate_random_black: (0.9166666666666666, 1, 0.05)
2023-09-16 22:10:55.877 | DEBUG    | palette:generate_random_black:116 - generate_random_black: (0.3611111111111111, 1, 0.04)
2023-09-16 22:12:03.446 | DEBUG    | palette:generate_random_black:116 - generate_random_black: (0.5833333333333334, 1, 0.01)
2023-09-16 22:13:05.101 | DEBUG    | palette:generate_random_black:116 - generate_random_black: (0.05555555555555555, 1, 0.01)
2023-09-16 22:13:26.369 | DEBUG    | palette:generate_random_black:116 - generate_random_black: (1.0, 1, 0.02)
2023-09-16 22:13:36.038 | DEBUG    | palette:generate_random_black:116 - generate_random_black: (0.16666666666666666, 1, 0.05)
2023-09-16 22:13:46.032 | DEBUG    | palette:generate_random_black:116 - generate_random_black: (0.8888888888888888, 1, 0.0)
2023-09-16 22:15:05.202 | DEBUG    | palette:generate_random_black:116 - generate_random_black: (0.3055555555555556, 1, 0.04)
2023-09-16 22:16:52.134 | DEBUG    | palette:generate_random_black:116 - generate_random_black: (0.1388888888888889, 1, 0.05)
2023-09-16 22:17:03.234 | DEBUG    | palette:generate_random_black:116 - generate_random_black: (0.8333333333333334, 1, 0.04)
2023-09-16 22:17:26.577 | DEBUG    | palette:generate_random_black:116 - generate_random_black: (0.25, 1, 0.04)
2023-09-16 22:17:38.894 | DEBUG    | palette:generate_random_black:116 - generate_random_black: (0.6388888888888888, 1, 0.0)
2023-09-16 22:17:51.197 | DEBUG    | palette:generate_random_black:116 - generate_random_black: (0.4166666666666667, 1, 0.04)
2023-09-16 22:18:03.423 | DEBUG    | palette:generate_random_black:116 - generate_random_black: (0.4444444444444444, 1, 0.04)
2023-09-16 22:18:15.783 | DEBUG    | palette:generate_random_black:116 - generate_random_black: (0.4166666666666667, 1, 0.01)
2023-09-16 22:18:28.014 | DEBUG    | palette:generate_random_black:116 - generate_random_black: (0.19444444444444445, 1, 0.0)
2023-09-16 22:18:40.298 | DEBUG    | palette:generate_random_black:116 - generate_random_black: (0.1111111111111111, 1, 0.0)
2023-09-16 22:18:52.677 | DEBUG    | palette:generate_random_black:116 - generate_random_black: (0.3611111111111111, 1, 0.02)
2023-09-16 22:19:05.004 | DEBUG    | palette:generate_random_black:116 - generate_random_black: (0.8055555555555556, 1, 0.0)
2023-09-16 22:19:17.359 | DEBUG    | palette:generate_random_black:116 - generate_random_black: (0.5, 1, 0.03)
2023-09-16 22:19:29.515 | DEBUG    | palette:generate_random_black:116 - generate_random_black: (0.08333333333333333, 1, 0.01)
2023-09-16 22:19:41.948 | DEBUG    | palette:generate_random_black:116 - generate_random_black: (0.8055555555555556, 1, 0.02)
2023-09-16 22:19:54.106 | DEBUG    | palette:generate_random_black:116 - generate_random_black: (0.08333333333333333, 1, 0.0)
2023-09-16 22:20:06.392 | DEBUG    | palette:generate_random_black:116 - generate_random_black: (0.2777777777777778, 1, 0.01)
2023-09-16 22:20:18.848 | DEBUG    | palette:generate_random_black:116 - generate_random_black: (0.5833333333333334, 1, 0.02)
2023-09-16 22:20:31.088 | DEBUG    | palette:generate_random_black:116 - generate_random_black: (0.19444444444444445, 1, 0.0)
2023-09-16 22:20:43.342 | DEBUG    | palette:generate_random_black:116 - generate_random_black: (0.75, 1, 0.01)
2023-09-16 22:20:55.519 | DEBUG    | palette:generate_random_black:116 - generate_random_black: (0.8333333333333334, 1, 0.04)
2023-09-17 19:25:13.485 | INFO     | __main__:main:304 - [['#2e3554', '#363d5b', '#3e4562', '#464d69', '#4e5570', '#565d77', '#5e657e', '#666d85', '#6e758c', '#767d93', '#7e859a', '#868da1', '#8e95a8', '#969daf', '#9ea5b6', '#a6adbd', '#aeb5c4', '#b6bdcb', '#bec5d2', '#c6cdd9', '#ced5e0', '#d6dde7', '#dee5ee', '#e6edf5'], ['#482e54', '#4f365b', '#563e62', '#5d4669', '#644e70', '#6b5677', '#725e7e', '#796685', '#806e8c', '#877693', '#8e7e9a', '#9586a1', '#9c8ea8', '#a396af', '#aa9eb6', '#b1a6bd', '#b8aec4', '#bfb6cb', '#c6bed2', '#cdc6d9', '#d4cee0', '#dbd6e7', '#e2deee', '#e9e6f5'], ['#542e40', '#5b3647', '#623e4e', '#694655', '#704e5c', '#775663', '#7e5e6a', '#856671', '#8c6e78', '#93767f', '#9a7e86', '#a1868d', '#a88e94', '#af969b', '#b69ea2', '#bda6a9', '#c4aeb0', '#cbb6b7', '#d2bebe', '#d9c6c5', '#e0cecc', '#e7d6d3', '#eededa', '#f5e6e1'], ['#543c2e', '#5b4436', '#624c3e', '#695446', '#705c4e', '#776456', '#7e6c5e', '#857466', '#8c7c6e', '#938476', '#9a8c7e', '#a19486', '#a89c8e', '#afa496', '#b6ac9e', '#bdb4a6', '#c4bcae', '#cbc4b6', '#d2ccbe', '#d9d4c6', '#e0dcce', '#e7e4d6', '#eeecde', '#f5f4e6'], ['#4c542e', '#535b36', '#5a623e', '#616946', '#68704e', '#6f7756', '#767e5e', '#7d8566', '#848c6e', '#8b9376', '#929a7e', '#99a186', '#a0a88e', '#a7af96', '#aeb69e', '#b5bda6', '#bcc4ae', '#c3cbb6', '#cad2be', '#d1d9c6', '#d8e0ce', '#dfe7d6', '#e6eede', '#edf5e6'], ['#2e5430', '#365b38', '#3e6240', '#466948', '#4e7050', '#567758', '#5e7e60', '#668568', '#6e8c70', '#769378', '#7e9a80', '#86a188', '#8ea890', '#96af98', '#9eb6a0', '#a6bda8', '#aec4b0', '#b6cbb8', '#bed2c0', '#c6d9c8', '#cee0d0', '#d6e7d8', '#deeee0', '#e6f5e8'], ['#2e5451', '#365b58', '#3e625f', '#466966', '#4e706d', '#567774', '#5e7e7b', '#668582', '#6e8c89', '#769390', '#7e9a97', '#86a19e', '#8ea8a5', '#96afac', '#9eb6b3', '#a6bdba', '#aec4c1', '#b6cbc8', '#bed2cf', '#c6d9d6', '#cee0dd', '#d6e7e4', '#deeeeb', '#e6f5f2']]
2023-09-17 19:25:13.486 | INFO     | __main__:main:304 - [['#272b29', '#303331', '#393b39', '#424341', '#4b4b49', '#545351', '#5d5b59', '#666361', '#6f6b69', '#787371', '#817b79', '#8a8381', '#938b89', '#9c9391', '#a59b99', '#aea3a1', '#b7aba9', '#c0b3b1', '#c9bbb9', '#d2c3c1', '#dbcbc9', '#e4d3d1', '#eddbd9', '#f6e3e1'], ['#27292b', '#303133', '#39393b', '#424143', '#4b494b', '#545153', '#5d595b', '#666163', '#6f696b', '#787173', '#81797b', '#8a8183', '#93898b', '#9c9193', '#a5999b', '#aea1a3', '#b7a9ab', '#c0b1b3', '#c9b9bb', '#d2c1c3', '#dbc9cb', '#e4d1d3', '#edd9db', '#f6e1e3'], ['#27272b', '#303033', '#39393b', '#424243', '#4b4b4b', '#545453', '#5d5d5b', '#666663', '#6f6f6b', '#787873', '#81817b', '#8a8a83', '#93938b', '#9c9c93', '#a5a59b', '#aeaea3', '#b7b7ab', '#c0c0b3', '#c9c9bb', '#d2d2c3', '#dbdbcb', '#e4e4d3', '#ededdb', '#f6f6e3'], ['#2b272a', '#333032', '#3b393a', '#434242', '#4b4b4a', '#535452', '#5b5d5a', '#636662', '#6b6f6a', '#737872', '#7b817a', '#838a82', '#8b938a', '#939c92', '#9ba59a', '#a3aea2', '#abb7aa', '#b3c0b2', '#bbc9ba', '#c3d2c2', '#cbdbca', '#d3e4d2', '#dbedda', '#e3f6e2'], ['#2b2727', '#333030', '#3b3939', '#434242', '#4b4b4b', '#535454', '#5b5d5d', '#636666', '#6b6f6f', '#737878', '#7b8181', '#838a8a', '#8b9393', '#939c9c', '#9ba5a5', '#a3aeae', '#abb7b7', '#b3c0c0', '#bbc9c9', '#c3d2d2', '#cbdbdb', '#d3e4e4', '#dbeded', '#e3f6f6'], ['#2b2a27', '#333230', '#3b3a39', '#434242', '#4b4a4b', '#535254', '#5b5a5d', '#636266', '#6b6a6f', '#737278', '#7b7a81', '#83828a', '#8b8a93', '#93929c', '#9b9aa5', '#a3a2ae', '#abaab7', '#b3b2c0', '#bbbac9', '#c3c2d2', '#cbcadb', '#d3d2e4', '#dbdaed', '#e3e2f6'], ['#282b27', '#303330', '#383b39', '#404342', '#484b4b', '#505354', '#585b5d', '#606366', '#686b6f', '#707378', '#787b81', '#80838a', '#888b93', '#90939c', '#989ba5', '#a0a3ae', '#a8abb7', '#b0b3c0', '#b8bbc9', '#c0c3d2', '#c8cbdb', '#d0d3e4', '#d8dbed', '#e0e3f6']]
2023-09-17 19:25:13.488 | INFO     | __main__:main:304 - [['#0e3913', '#18411c', '#224925', '#2c512e', '#365937', '#406140', '#4a6949', '#547152', '#5e795b', '#688164', '#72896d', '#7c9176', '#86997f', '#90a188', '#9aa991', '#a4b19a', '#aeb9a3', '#b8c1ac', '#c2c9b5', '#ccd1be', '#d6d9c7', '#e0e1d0', '#eae9d9', '#f4f1e2'], ['#0e3936', '#18413e', '#224946', '#2c514e', '#365956', '#40615e', '#4a6966', '#54716e', '#5e7976', '#68817e', '#728986', '#7c918e', '#869996', '#90a19e', '#9aa9a6', '#a4b1ae', '#aeb9b6', '#b8c1be', '#c2c9c6', '#ccd1ce', '#d6d9d6', '#e0e1de', '#eae9e6', '#f4f1ee'], ['#0e1739', '#182041', '#222949', '#2c3251', '#363b59', '#404461', '#4a4d69', '#545671', '#5e5f79', '#686881', '#727189', '#7c7a91', '#868399', '#908ca1', '#9a95a9', '#a49eb1', '#aea7b9', '#b8b0c1', '#c2b9c9', '#ccc2d1', '#d6cbd9', '#e0d4e1', '#eadde9', '#f4e6f1'], ['#2a0e39', '#321841', '#3a2249', '#422c51', '#4a3659', '#524061', '#5a4a69', '#625471', '#6a5e79', '#726881', '#7a7289', '#827c91', '#8a8699', '#9290a1', '#9a9aa9', '#a2a4b1', '#aaaeb9', '#b2b8c1', '#bac2c9', '#c2ccd1', '#cad6d9', '#d2e0e1', '#daeae9', '#e2f4f1'], ['#390e24', '#41182d', '#492236', '#512c3f', '#593648', '#614051', '#694a5a', '#715463', '#795e6c', '#816875', '#89727e', '#917c87', '#998690', '#a19099', '#a99aa2', '#b1a4ab', '#b9aeb4', '#c1b8bd', '#c9c2c6', '#d1cccf', '#d9d6d8', '#e1e0e1', '#e9eaea', '#f1f4f3'], ['#391d0e', '#412618', '#492f22', '#51382c', '#594136', '#614a40', '#69534a', '#715c54', '#79655e', '#816e68', '#897772', '#91807c', '#998986', '#a19290', '#a99b9a', '#b1a4a4', '#b9adae', '#c1b6b8', '#c9bfc2', '#d1c8cc', '#d9d1d6', '#e1dae0', '#e9e3ea', '#f1ecf4'], ['#30390e', '#384118', '#404922', '#48512c', '#505936', '#586140', '#60694a', '#687154', '#70795e', '#788168', '#808972', '#88917c', '#909986', '#98a190', '#a0a99a', '#a8b1a4', '#b0b9ae', '#b8c1b8', '#c0c9c2', '#c8d1cc', '#d0d9d6', '#d8e1e0', '#e0e9ea', '#e8f1f4']]
2023-09-17 19:25:13.489 | INFO     | __main__:main:304 - [['#271843', '#30214a', '#392a51', '#423358', '#4b3c5f', '#544566', '#5d4e6d', '#665774', '#6f607b', '#786982', '#817289', '#8a7b90', '#938497', '#9c8d9e', '#a596a5', '#ae9fac', '#b7a8b3', '#c0b1ba', '#c9bac1', '#d2c3c8', '#dbcccf', '#e4d5d6', '#eddedd', '#f6e7e4'], ['#43183b', '#4a2143', '#512a4b', '#583353', '#5f3c5b', '#664563', '#6d4e6b', '#745773', '#7b607b', '#826983', '#89728b', '#907b93', '#97849b', '#9e8da3', '#a596ab', '#ac9fb3', '#b3a8bb', '#bab1c3', '#c1bacb', '#c8c3d3', '#cfccdb', '#d6d5e3', '#dddeeb', '#e4e7f3'], ['#431a18', '#4a2321', '#512c2a', '#583533', '#5f3e3c', '#664745', '#6d504e', '#745957', '#7b6260', '#826b69', '#897472', '#907d7b', '#978684', '#9e8f8d', '#a59896', '#aca19f', '#b3aaa8', '#bab3b1', '#c1bcba', '#c8c5c3', '#cfcecc', '#d6d7d5', '#dde0de', '#e4e9e7'], ['#433e18', '#4a4621', '#514e2a', '#585633', '#5f5e3c', '#666645', '#6d6e4e', '#747657', '#7b7e60', '#828669', '#898e72', '#90967b', '#979e84', '#9ea68d', '#a5ae96', '#acb69f', '#b3bea8', '#bac6b1', '#c1ceba', '#c8d6c3', '#cfdecc', '#d6e6d5', '#ddeede', '#e4f6e7'], ['#244318', '#2d4a21', '#36512a', '#3f5833', '#485f3c', '#516645', '#5a6d4e', '#637457', '#6c7b60', '#758269', '#7e8972', '#87907b', '#909784', '#999e8d', '#a2a596', '#abac9f', '#b4b3a8', '#bdbab1', '#c6c1ba', '#cfc8c3', '#d8cfcc', '#e1d6d5', '#eaddde', '#f3e4e7'], ['#184331', '#214a39', '#2a5141', '#335849', '#3c5f51', '#456659', '#4e6d61', '#577469', '#607b71', '#698279', '#728981', '#7b9089', '#849791', '#8d9e99', '#96a5a1', '#9faca9', '#a8b3b1', '#b1bab9', '#bac1c1', '#c3c8c9', '#cccfd1', '#d5d6d9', '#dedde1', '#e7e4e9'], ['#183043', '#21384a', '#2a4051', '#334858', '#3c505f', '#455866', '#4e606d', '#576874', '#60707b', '#697882', '#728089', '#7b8890', '#849097', '#8d989e', '#96a0a5', '#9fa8ac', '#a8b0b3', '#b1b8ba', '#bac0c1', '#c3c8c8', '#ccd0cf', '#d5d8d6', '#dee0dd', '#e7e8e4']]
2023-09-17 19:25:13.490 | INFO     | __main__:main:304 - [['#4c3c18', '#534421', '#5a4c2a', '#615433', '#685c3c', '#6f6445', '#766c4e', '#7d7457', '#847c60', '#8b8469', '#928c72', '#99947b', '#a09c84', '#a7a48d', '#aeac96', '#b5b49f', '#bcbca8', '#c3c4b1', '#caccba', '#d1d4c3', '#d8dccc', '#dfe4d5', '#e6ecde', '#edf4e7'], ['#2f4c18', '#375321', '#3f5a2a', '#476133', '#4f683c', '#576f45', '#5f764e', '#677d57', '#6f8460', '#778b69', '#7f9272', '#87997b', '#8fa084', '#97a78d', '#9fae96', '#a7b59f', '#afbca8', '#b7c3b1', '#bfcaba', '#c7d1c3', '#cfd8cc', '#d7dfd5', '#dfe6de', '#e7ede7'], ['#184c2c', '#215334', '#2a5a3c', '#336144', '#3c684c', '#456f54', '#4e765c', '#577d64', '#60846c', '#698b74', '#72927c', '#7b9984', '#84a08c', '#8da794', '#96ae9c', '#9fb5a4', '#a8bcac', '#b1c3b4', '#bacabc', '#c3d1c4', '#ccd8cc', '#d5dfd4', '#dee6dc', '#e7ede4'], ['#183f4c', '#214753', '#2a4f5a', '#335761', '#3c5f68', '#45676f', '#4e6f76', '#57777d', '#607f84', '#69878b', '#728f92', '#7b9799', '#849fa0', '#8da7a7', '#96afae', '#9fb7b5', '#a8bfbc', '#b1c7c3', '#bacfca', '#c3d7d1', '#ccdfd8', '#d5e7df', '#deefe6', '#e7f7ed'], ['#1c184c', '#252153', '#2e2a5a', '#373361', '#403c68', '#49456f', '#524e76', '#5b577d', '#646084', '#6d698b', '#767292', '#7f7b99', '#8884a0', '#918da7', '#9a96ae', '#a39fb5', '#aca8bc', '#b5b1c3', '#bebaca', '#c7c3d1', '#d0ccd8', '#d9d5df', '#e2dee6', '#ebe7ed'], ['#49184c', '#502153', '#572a5a', '#5e3361', '#653c68', '#6c456f', '#734e76', '#7a577d', '#816084', '#88698b', '#8f7292', '#967b99', '#9d84a0', '#a48da7', '#ab96ae', '#b29fb5', '#b9a8bc', '#c0b1c3', '#c7baca', '#cec3d1', '#d5ccd8', '#dcd5df', '#e3dee6', '#eae7ed'], ['#4c1822', '#53212b', '#5a2a34', '#61333d', '#683c46', '#6f454f', '#764e58', '#7d5761', '#84606a', '#8b6973', '#92727c', '#997b85', '#a0848e', '#a78d97', '#ae96a0', '#b59fa9', '#bca8b2', '#c3b1bb', '#cabac4', '#d1c3cd', '#d8ccd6', '#dfd5df', '#e6dee8', '#ede7f1']]
2023-09-17 19:25:13.492 | INFO     | __main__:main:304 - [['#613861', '#674067', '#6d486d', '#735073', '#795879', '#7f607f', '#856885', '#8b708b', '#917891', '#978097', '#9d889d', '#a390a3', '#a998a9', '#afa0af', '#b5a8b5', '#bbb0bb', '#c1b8c1', '#c7c0c7', '#cdc8cd', '#d3d0d3', '#d9d8d9', '#dfe0df', '#e5e8e5', '#ebf0eb'], ['#61383e', '#674046', '#6d484e', '#735056', '#79585e', '#7f6066', '#85686e', '#8b7076', '#91787e', '#978086', '#9d888e', '#a39096', '#a9989e', '#afa0a6', '#b5a8ae', '#bbb0b6', '#c1b8be', '#c7c0c6', '#cdc8ce', '#d3d0d6', '#d9d8de', '#dfe0e6', '#e5e8ee', '#ebf0f6'], ['#615538', '#675c40', '#6d6348', '#736a50', '#797158', '#7f7860', '#857f68', '#8b8670', '#918d78', '#979480', '#9d9b88', '#a3a290', '#a9a998', '#afb0a0', '#b5b7a8', '#bbbeb0', '#c1c5b8', '#c7ccc0', '#cdd3c8', '#d3dad0', '#d9e1d8', '#dfe8e0', '#e5efe8', '#ebf6f0'], ['#4b6138', '#526740', '#596d48', '#607350', '#677958', '#6e7f60', '#758568', '#7c8b70', '#839178', '#8a9780', '#919d88', '#98a390', '#9fa998', '#a6afa0', '#adb5a8', '#b4bbb0', '#bbc1b8', '#c2c7c0', '#c9cdc8', '#d0d3d0', '#d7d9d8', '#dedfe0', '#e5e5e8', '#ecebf0'], ['#386148', '#40674f', '#486d56', '#50735d', '#587964', '#607f6b', '#688572', '#708b79', '#789180', '#809787', '#889d8e', '#90a395', '#98a99c', '#a0afa3', '#a8b5aa', '#b0bbb1', '#b8c1b8', '#c0c7bf', '#c8cdc6', '#d0d3cd', '#d8d9d4', '#e0dfdb', '#e8e5e2', '#f0ebe9'], ['#385661', '#405d67', '#48646d', '#506b73', '#587279', '#60797f', '#688085', '#70878b', '#788e91', '#809597', '#889c9d', '#90a3a3', '#98aaa9', '#a0b1af', '#a8b8b5', '#b0bfbb', '#b8c6c1', '#c0cdc7', '#c8d4cd', '#d0dbd3', '#d8e2d9', '#e0e9df', '#e8f0e5', '#f0f7eb'], ['#3c3861', '#444067', '#4c486d', '#545073', '#5c5879', '#64607f', '#6c6885', '#74708b', '#7c7891', '#848097', '#8c889d', '#9490a3', '#9c98a9', '#a4a0af', '#aca8b5', '#b4b0bb', '#bcb8c1', '#c4c0c7', '#ccc8cd', '#d4d0d3', '#dcd8d9', '#e4e0df', '#ece8e5', '#f4f0eb']]
2023-09-17 19:25:13.492 | INFO     | __main__:main:304 - [['#0e611f', '#186728', '#226d31', '#2c733a', '#367943', '#407f4c', '#4a8555', '#548b5e', '#5e9167', '#689770', '#729d79', '#7ca382', '#86a98b', '#90af94', '#9ab59d', '#a4bba6', '#aec1af', '#b8c7b8', '#c2cdc1', '#ccd3ca', '#d6d9d3', '#e0dfdc', '#eae5e5', '#f4ebee'], ['#0e5d61', '#186367', '#22696d', '#2c6f73', '#367579', '#407b7f', '#4a8185', '#54878b', '#5e8d91', '#689397', '#72999d', '#7c9fa3', '#86a5a9', '#90abaf', '#9ab1b5', '#a4b7bb', '#aebdc1', '#b8c3c7', '#c2c9cd', '#cccfd3', '#d6d5d9', '#e0dbdf', '#eae1e5', '#f4e7eb'], ['#0e1661', '#181f67', '#22286d', '#2c3173', '#363a79', '#40437f', '#4a4c85', '#54558b', '#5e5e91', '#686797', '#72709d', '#7c79a3', '#8682a9', '#908baf', '#9a94b5', '#a49dbb', '#aea6c1', '#b8afc7', '#c2b8cd', '#ccc1d3', '#d6cad9', '#e0d3df', '#eadce5', '#f4e5eb'], ['#4d0e61', '#541867', '#5b226d', '#622c73', '#693679', '#70407f', '#774a85', '#7e548b', '#855e91', '#8c6897', '#93729d', '#9a7ca3', '#a186a9', '#a890af', '#af9ab5', '#b6a4bb', '#bdaec1', '#c4b8c7', '#cbc2cd', '#d2ccd3', '#d9d6d9', '#e0e0df', '#e7eae5', '#eef4eb'], ['#610e2f', '#671837', '#6d223f', '#732c47', '#79364f', '#7f4057', '#854a5f', '#8b5467', '#915e6f', '#976877', '#9d727f', '#a37c87', '#a9868f', '#af9097', '#b59a9f', '#bba4a7', '#c1aeaf', '#c7b8b7', '#cdc2bf', '#d3ccc7', '#d9d6cf', '#dfe0d7', '#e5eadf', '#ebf4e7'], ['#61340e', '#673c18', '#6d4422', '#734c2c', '#795436', '#7f5c40', '#85644a', '#8b6c54', '#91745e', '#977c68', '#9d8472', '#a38c7c', '#a99486', '#af9c90', '#b5a49a', '#bbaca4', '#c1b4ae', '#c7bcb8', '#cdc4c2', '#d3cccc', '#d9d4d6', '#dfdce0', '#e5e4ea', '#ebecf4'], ['#48610e', '#4f6718', '#566d22', '#5d732c', '#647936', '#6b7f40', '#72854a', '#798b54', '#80915e', '#879768', '#8e9d72', '#95a37c', '#9ca986', '#a3af90', '#aab59a', '#b1bba4', '#b8c1ae', '#bfc7b8', '#c6cdc2', '#cdd3cc', '#d4d9d6', '#dbdfe0', '#e2e5ea', '#e9ebf4']]
2023-09-17 19:25:13.493 | INFO     | __main__:main:304 - [['#00251d', '#0a2e26', '#14372f', '#1e4038', '#284941', '#32524a', '#3c5b53', '#46645c', '#506d65', '#5a766e', '#647f77', '#6e8880', '#789189', '#829a92', '#8ca39b', '#96aca4', '#a0b5ad', '#aabeb6', '#b4c7bf', '#bed0c8', '#c8d9d1', '#d2e2da', '#dcebe3', '#e6f4ec'], ['#000d25', '#0a172e', '#142137', '#1e2b40', '#283549', '#323f52', '#3c495b', '#465364', '#505d6d', '#5a6776', '#64717f', '#6e7b88', '#788591', '#828f9a', '#8c99a3', '#96a3ac', '#a0adb5', '#aab7be', '#b4c1c7', '#becbd0', '#c8d5d9', '#d2dfe2', '#dce9eb', '#e6f3f4'], ['#110025', '#1a0a2e', '#231437', '#2c1e40', '#352849', '#3e3252', '#473c5b', '#504664', '#59506d', '#625a76', '#6b647f', '#746e88', '#7d7891', '#86829a', '#8f8ca3', '#9896ac', '#a1a0b5', '#aaaabe', '#b3b4c7', '#bcbed0', '#c5c8d9', '#ced2e2', '#d7dceb', '#e0e6f4'], ['#250018', '#2e0a21', '#37142a', '#401e33', '#49283c', '#523245', '#5b3c4e', '#644657', '#6d5060', '#765a69', '#7f6472', '#886e7b', '#917884', '#9a828d', '#a38c96', '#ac969f', '#b5a0a8', '#beaab1', '#c7b4ba', '#d0bec3', '#d9c8cc', '#e2d2d5', '#ebdcde', '#f4e6e7'], ['#250600', '#2e100a', '#371a14', '#40241e', '#492e28', '#523832', '#5b423c', '#644c46', '#6d5650', '#76605a', '#7f6a64', '#88746e', '#917e78', '#9a8882', '#a3928c', '#ac9c96', '#b5a6a0', '#beb0aa', '#c7bab4', '#d0c4be', '#d9cec8', '#e2d8d2', '#ebe2dc', '#f4ece6'], ['#232500', '#2c2e0a', '#353714', '#3e401e', '#474928', '#505232', '#595b3c', '#626446', '#6b6d50', '#74765a', '#7d7f64', '#86886e', '#8f9178', '#989a82', '#a1a38c', '#aaac96', '#b3b5a0', '#bcbeaa', '#c5c7b4', '#ced0be', '#d7d9c8', '#e0e2d2', '#e9ebdc', '#f2f4e6'], ['#042500', '#0e2e0a', '#183714', '#22401e', '#2c4928', '#365232', '#405b3c', '#4a6446', '#546d50', '#5e765a', '#687f64', '#72886e', '#7c9178', '#869a82', '#90a38c', '#9aac96', '#a4b5a0', '#aebeaa', '#b8c7b4', '#c2d0be', '#ccd9c8', '#d6e2d2', '#e0ebdc', '#eaf4e6']]
2023-09-17 19:25:13.494 | INFO     | __main__:main:304 - [['#062425', '#102d2e', '#1a3637', '#243f40', '#2e4849', '#385152', '#425a5b', '#4c6364', '#566c6d', '#607576', '#6a7e7f', '#748788', '#7e9091', '#88999a', '#92a2a3', '#9cabac', '#a6b4b5', '#b0bdbe', '#bac6c7', '#c4cfd0', '#ced8d9', '#d8e1e2', '#e2eaeb', '#ecf3f4'], ['#060b25', '#10152e', '#1a1f37', '#242940', '#2e3349', '#383d52', '#42475b', '#4c5164', '#565b6d', '#606576', '#6a6f7f', '#747988', '#7e8391', '#888d9a', '#9297a3', '#9ca1ac', '#a6abb5', '#b0b5be', '#babfc7', '#c4c9d0', '#ced3d9', '#d8dde2', '#e2e7eb', '#ecf1f4'], ['#1c0625', '#25102e', '#2e1a37', '#372440', '#402e49', '#493852', '#52425b', '#5b4c64', '#64566d', '#6d6076', '#766a7f', '#7f7488', '#887e91', '#91889a', '#9a92a3', '#a39cac', '#aca6b5', '#b5b0be', '#bebac7', '#c7c4d0', '#d0ced9', '#d9d8e2', '#e2e2eb', '#ebecf4'], ['#250614', '#2e101d', '#371a26', '#40242f', '#492e38', '#523841', '#5b424a', '#644c53', '#6d565c', '#766065', '#7f6a6e', '#887477', '#917e80', '#9a8889', '#a39292', '#ac9c9b', '#b5a6a4', '#beb0ad', '#c7bab6', '#d0c4bf', '#d9cec8', '#e2d8d1', '#ebe2da', '#f4ece3'], ['#251206', '#2e1b10', '#37241a', '#402d24', '#49362e', '#523f38', '#5b4842', '#64514c', '#6d5a56', '#766360', '#7f6c6a', '#887574', '#917e7e', '#9a8788', '#a39092', '#ac999c', '#b5a2a6', '#beabb0', '#c7b4ba', '#d0bdc4', '#d9c6ce', '#e2cfd8', '#ebd8e2', '#f4e1ec'], ['#1d2506', '#262e10', '#2f371a', '#384024', '#41492e', '#4a5238', '#535b42', '#5c644c', '#656d56', '#6e7660', '#777f6a', '#808874', '#89917e', '#929a88', '#9ba392', '#a4ac9c', '#adb5a6', '#b6beb0', '#bfc7ba', '#c8d0c4', '#d1d9ce', '#dae2d8', '#e3ebe2', '#ecf4ec'], ['#06250a', '#102e14', '#1a371e', '#244028', '#2e4932', '#38523c', '#425b46', '#4c6450', '#566d5a', '#607664', '#6a7f6e', '#748878', '#7e9182', '#889a8c', '#92a396', '#9caca0', '#a6b5aa', '#b0beb4', '#bac7be', '#c4d0c8', '#ced9d2', '#d8e2dc', '#e2ebe6', '#ecf4f0']]
2023-09-17 19:25:13.494 | INFO     | __main__:main:305 - ['#dee9de', '#c2d6be', '#a6c39e', '#8ab07e', '#6e9d5e', '#528a3e', '#dee9e8', '#bed6d4', '#9ec3c0', '#7eb0ac', '#5e9d98', '#3e8a84', '#dddee9', '#bfbed6', '#a19ec3', '#837eb0', '#655e9d', '#473e8a', '#e9dee4', '#d6becd', '#c39eb6', '#b07e9f', '#9d5e88', '#8a3e71', '#e9e2de', '#d6c9be', '#c3b09e', '#b0977e', '#9d7e5e', '#8a653e', '#d5d7d9', '#acafb3', '#83878d', '#5a5f67', '#313741', '#080f1b']
2023-09-17 20:45:46.176 | DEBUG    | eutmux:run_shell_command:511 - tmux show-option -gqv "@dynamic_config_file_name" is failed to run. use default value:                                          eutmux.yaml as output.
Traceback (most recent call last):

  File "<string>", line 1, in <module>

  File "/repo/egugwen/github/eutmux.tmux/eutmux.py", line 460, in eutmux
    dynamic_config_file_name = get_tmux_option("dynamic_config_file_name", config_file)
                               │                                           └ 'eutmux.yaml'
                               └ <function get_tmux_option at 0x7fa493f81800>

  File "/repo/egugwen/github/eutmux.tmux/eutmux.py", line 499, in get_tmux_option
    return run_shell_command(shell_cmd, default_value)
           │                 │          └ 'eutmux.yaml'
           │                 └ 'tmux show-option -gqv "@dynamic_config_file_name"'
           └ <function run_shell_command at 0x7fa493f818a0>

> File "/repo/egugwen/github/eutmux.tmux/eutmux.py", line 506, in run_shell_command
    value = subprocess.check_output(command_args, shell=False).decode(UTF_8).strip()
            │          │            │                                 └ 'utf-8'
            │          │            └ ['tmux', 'show-option', '-gqv', '@dynamic_config_file_name']
            │          └ <function check_output at 0x7fa497a09760>
            └ <module 'subprocess' from '/app/vbuild/RHEL7-x86_64/python/3.11.0/lib/python3.11/subprocess.py'>

  File "/app/vbuild/RHEL7-x86_64/python/3.11.0/lib/python3.11/subprocess.py", line 465, in check_output
    return run(*popenargs, stdout=PIPE, timeout=timeout, check=True,
           │    │                 │             └ None
           │    │                 └ -1
           │    └ (['tmux', 'show-option', '-gqv', '@dynamic_config_file_name'],)
           └ <function run at 0x7fa497a09800>
  File "/app/vbuild/RHEL7-x86_64/python/3.11.0/lib/python3.11/subprocess.py", line 569, in run
    raise CalledProcessError(retcode, process.args,
          │                  │        │       └ ['tmux', 'show-option', '-gqv', '@dynamic_config_file_name']
          │                  │        └ <Popen: returncode: 1 args: ['tmux', 'show-option', '-gqv', '@dynamic_config...>
          │                  └ 1
          └ <class 'subprocess.CalledProcessError'>

subprocess.CalledProcessError: Command '['tmux', 'show-option', '-gqv', '@dynamic_config_file_name']' returned non-zero exit status 1.
2023-09-17 20:45:46.190 | DEBUG    | eutmux:run_shell_command:511 - tmux show-option -gqv "@dynamic_theme_name" is failed to run. use default value:                                          burgundy-red as output.
Traceback (most recent call last):

  File "<string>", line 1, in <module>

  File "/repo/egugwen/github/eutmux.tmux/eutmux.py", line 468, in eutmux
    dynamic_theme_name = get_tmux_option("dynamic_theme_name", theme_name)
                         │                                     └ 'burgundy-red'
                         └ <function get_tmux_option at 0x7fa493f81800>

  File "/repo/egugwen/github/eutmux.tmux/eutmux.py", line 499, in get_tmux_option
    return run_shell_command(shell_cmd, default_value)
           │                 │          └ 'burgundy-red'
           │                 └ 'tmux show-option -gqv "@dynamic_theme_name"'
           └ <function run_shell_command at 0x7fa493f818a0>

> File "/repo/egugwen/github/eutmux.tmux/eutmux.py", line 506, in run_shell_command
    value = subprocess.check_output(command_args, shell=False).decode(UTF_8).strip()
            │          │            │                                 └ 'utf-8'
            │          │            └ ['tmux', 'show-option', '-gqv', '@dynamic_theme_name']
            │          └ <function check_output at 0x7fa497a09760>
            └ <module 'subprocess' from '/app/vbuild/RHEL7-x86_64/python/3.11.0/lib/python3.11/subprocess.py'>

  File "/app/vbuild/RHEL7-x86_64/python/3.11.0/lib/python3.11/subprocess.py", line 465, in check_output
    return run(*popenargs, stdout=PIPE, timeout=timeout, check=True,
           │    │                 │             └ None
           │    │                 └ -1
           │    └ (['tmux', 'show-option', '-gqv', '@dynamic_theme_name'],)
           └ <function run at 0x7fa497a09800>
  File "/app/vbuild/RHEL7-x86_64/python/3.11.0/lib/python3.11/subprocess.py", line 569, in run
    raise CalledProcessError(retcode, process.args,
          │                  │        │       └ ['tmux', 'show-option', '-gqv', '@dynamic_theme_name']
          │                  │        └ <Popen: returncode: 1 args: ['tmux', 'show-option', '-gqv', '@dynamic_theme_...>
          │                  └ 1
          └ <class 'subprocess.CalledProcessError'>

subprocess.CalledProcessError: Command '['tmux', 'show-option', '-gqv', '@dynamic_theme_name']' returned non-zero exit status 1.
2023-09-18 08:34:25.447 | DEBUG    | palette:generate_random_black:116 - generate_random_black: (0.027777777777777776, 1, 0.01)
2023-09-18 08:35:48.098 | DEBUG    | palette:generate_random_black:116 - generate_random_black: (0.05555555555555555, 1, 0.05)
2023-09-18 08:35:56.403 | DEBUG    | palette:generate_random_black:116 - generate_random_black: (0.5833333333333334, 1, 0.0)
2023-09-18 09:12:09.720 | DEBUG    | palette:generate_random_black:116 - generate_random_black: (0.8055555555555556, 1, 0.0)
2023-09-18 09:12:36.008 | DEBUG    | palette:generate_random_black:116 - generate_random_black: (0.3333333333333333, 1, 0.05)
2023-09-18 09:12:44.920 | DEBUG    | palette:generate_random_black:116 - generate_random_black: (0.3333333333333333, 1, 0.0)
2023-09-18 09:12:53.696 | DEBUG    | palette:generate_random_black:116 - generate_random_black: (0.5277777777777778, 1, 0.05)
2023-09-18 09:13:02.626 | DEBUG    | palette:generate_random_black:116 - generate_random_black: (0.5833333333333334, 1, 0.0)
2023-09-18 09:13:11.189 | DEBUG    | palette:generate_random_black:116 - generate_random_black: (0.2777777777777778, 1, 0.03)
2023-09-18 09:13:27.276 | DEBUG    | palette:generate_random_black:116 - generate_random_black: (0.3333333333333333, 1, 0.01)
2023-09-18 09:13:36.069 | DEBUG    | palette:generate_random_black:116 - generate_random_black: (0.6388888888888888, 1, 0.03)
2023-09-18 09:13:44.861 | DEBUG    | palette:generate_random_black:116 - generate_random_black: (0.25, 1, 0.04)
2023-09-18 09:13:53.477 | DEBUG    | palette:generate_random_black:116 - generate_random_black: (0.1111111111111111, 1, 0.02)
2023-09-18 09:14:02.465 | DEBUG    | palette:generate_random_black:116 - generate_random_black: (0.3055555555555556, 1, 0.0)
2023-09-18 09:14:11.323 | DEBUG    | palette:generate_random_black:116 - generate_random_black: (0.2222222222222222, 1, 0.05)
2023-09-18 09:14:20.093 | DEBUG    | palette:generate_random_black:116 - generate_random_black: (0.16666666666666666, 1, 0.03)
2023-09-18 09:14:28.878 | DEBUG    | palette:generate_random_black:116 - generate_random_black: (0.75, 1, 0.02)
2023-09-18 09:14:37.727 | DEBUG    | palette:generate_random_black:116 - generate_random_black: (0.05555555555555555, 1, 0.05)
2023-09-18 09:14:46.489 | DEBUG    | palette:generate_random_black:116 - generate_random_black: (0.4166666666666667, 1, 0.01)
2023-09-18 09:14:55.233 | DEBUG    | palette:generate_random_black:116 - generate_random_black: (0.4444444444444444, 1, 0.01)
2023-09-18 09:15:04.037 | DEBUG    | palette:generate_random_black:116 - generate_random_black: (0.4722222222222222, 1, 0.03)
2023-09-18 09:15:12.696 | DEBUG    | palette:generate_random_black:116 - generate_random_black: (0.1111111111111111, 1, 0.04)
2023-09-18 09:15:21.374 | DEBUG    | palette:generate_random_black:116 - generate_random_black: (0.3611111111111111, 1, 0.0)
2023-09-18 09:15:30.178 | DEBUG    | palette:generate_random_black:116 - generate_random_black: (0.5555555555555556, 1, 0.05)
2023-09-18 09:15:38.818 | DEBUG    | palette:generate_random_black:116 - generate_random_black: (0.3333333333333333, 1, 0.02)
2023-09-18 09:15:47.528 | DEBUG    | palette:generate_random_black:116 - generate_random_black: (0.6111111111111112, 1, 0.0)
2023-09-18 09:15:56.387 | DEBUG    | palette:generate_random_black:116 - generate_random_black: (0.5, 1, 0.04)
2023-09-18 09:16:04.940 | DEBUG    | palette:generate_random_black:116 - generate_random_black: (0.5, 1, 0.0)
2023-09-18 09:16:13.656 | DEBUG    | palette:generate_random_black:116 - generate_random_black: (0.19444444444444445, 1, 0.02)
2023-09-18 09:16:22.374 | DEBUG    | palette:generate_random_black:116 - generate_random_black: (0.8333333333333334, 1, 0.03)
2023-09-18 09:16:30.946 | DEBUG    | palette:generate_random_black:116 - generate_random_black: (0.08333333333333333, 1, 0.0)
2023-09-18 09:16:39.457 | DEBUG    | palette:generate_random_black:116 - generate_random_black: (0.6388888888888888, 1, 0.01)
2023-09-18 09:16:48.012 | DEBUG    | palette:generate_random_black:116 - generate_random_black: (0.6111111111111112, 1, 0.04)
2023-09-18 09:16:56.516 | DEBUG    | palette:generate_random_black:116 - generate_random_black: (0.05555555555555555, 1, 0.05)
2023-09-18 09:17:05.205 | DEBUG    | palette:generate_random_black:116 - generate_random_black: (0.2222222222222222, 1, 0.05)
2023-09-18 09:17:13.732 | DEBUG    | palette:generate_random_black:116 - generate_random_black: (0.4166666666666667, 1, 0.0)
2023-09-18 09:17:22.335 | DEBUG    | palette:generate_random_black:116 - generate_random_black: (0.6388888888888888, 1, 0.01)
2023-09-18 09:17:30.939 | DEBUG    | palette:generate_random_black:116 - generate_random_black: (0.6666666666666666, 1, 0.0)
2023-09-18 09:17:39.451 | DEBUG    | palette:generate_random_black:116 - generate_random_black: (0.5833333333333334, 1, 0.02)
2023-09-18 09:17:48.020 | DEBUG    | palette:generate_random_black:116 - generate_random_black: (0.5, 1, 0.04)
2023-09-18 09:17:56.676 | DEBUG    | palette:generate_random_black:116 - generate_random_black: (0.08333333333333333, 1, 0.03)
2023-09-18 09:18:05.501 | DEBUG    | palette:generate_random_black:116 - generate_random_black: (0.5277777777777778, 1, 0.02)
2023-09-18 09:18:14.151 | DEBUG    | palette:generate_random_black:116 - generate_random_black: (0.1111111111111111, 1, 0.0)
2023-09-18 09:18:22.650 | DEBUG    | palette:generate_random_black:116 - generate_random_black: (0.05555555555555555, 1, 0.0)
2023-09-18 09:18:31.231 | DEBUG    | palette:generate_random_black:116 - generate_random_black: (0.7777777777777778, 1, 0.01)
2023-09-18 09:18:39.831 | DEBUG    | palette:generate_random_black:116 - generate_random_black: (0.2777777777777778, 1, 0.02)
2023-09-18 09:18:48.505 | DEBUG    | palette:generate_random_black:116 - generate_random_black: (0.7222222222222222, 1, 0.04)
2023-09-18 09:18:57.143 | DEBUG    | palette:generate_random_black:116 - generate_random_black: (0.5833333333333334, 1, 0.01)
2023-09-18 09:19:05.753 | DEBUG    | palette:generate_random_black:116 - generate_random_black: (0.6944444444444444, 1, 0.03)
2023-09-18 09:19:14.371 | DEBUG    | palette:generate_random_black:116 - generate_random_black: (0.3333333333333333, 1, 0.02)
2023-09-18 09:19:22.994 | DEBUG    | palette:generate_random_black:116 - generate_random_black: (0.7777777777777778, 1, 0.0)
2023-09-18 09:19:31.774 | DEBUG    | palette:generate_random_black:116 - generate_random_black: (0.6666666666666666, 1, 0.05)
2023-09-18 09:19:40.510 | DEBUG    | palette:generate_random_black:116 - generate_random_black: (0.08333333333333333, 1, 0.04)
2023-09-18 09:19:49.219 | DEBUG    | palette:generate_random_black:116 - generate_random_black: (0.5, 1, 0.01)
2023-09-18 09:19:58.009 | DEBUG    | palette:generate_random_black:116 - generate_random_black: (0.08333333333333333, 1, 0.02)
2023-09-18 09:20:06.759 | DEBUG    | palette:generate_random_black:116 - generate_random_black: (0.3055555555555556, 1, 0.01)
2023-09-18 09:20:15.381 | DEBUG    | palette:generate_random_black:116 - generate_random_black: (0.5555555555555556, 1, 0.01)
2023-09-18 09:20:24.069 | DEBUG    | palette:generate_random_black:116 - generate_random_black: (0.25, 1, 0.02)
2023-09-18 09:20:32.841 | DEBUG    | palette:generate_random_black:116 - generate_random_black: (0.5277777777777778, 1, 0.04)
2023-09-18 10:30:08.132 | INFO     | eutmux:produce_general_options_commands:240 - <class 'list'>
2023-09-18 10:30:34.424 | INFO     | eutmux:produce_general_options_commands:240 - <class 'list'>
2023-09-18 10:30:34.424 | INFO     | eutmux:produce_general_options_commands:242 - bind-key 'g' run-shell 'eutmux.tmux -d' bind-key 'G' run-shell 'eutmux.tmux'
2023-09-18 10:30:56.639 | INFO     | eutmux:produce_general_options_commands:240 - <class 'str'>
2023-09-18 10:30:56.640 | INFO     | eutmux:produce_general_options_commands:242 - b
2023-09-18 10:30:56.640 | INFO     | eutmux:produce_general_options_commands:242 - i
2023-09-18 10:30:56.640 | INFO     | eutmux:produce_general_options_commands:242 - n
2023-09-18 10:30:56.640 | INFO     | eutmux:produce_general_options_commands:242 - d
2023-09-18 10:30:56.640 | INFO     | eutmux:produce_general_options_commands:242 - -
2023-09-18 10:30:56.641 | INFO     | eutmux:produce_general_options_commands:242 - k
2023-09-18 10:30:56.641 | INFO     | eutmux:produce_general_options_commands:242 - e
2023-09-18 10:30:56.641 | INFO     | eutmux:produce_general_options_commands:242 - y
2023-09-18 10:30:56.641 | INFO     | eutmux:produce_general_options_commands:242 -
2023-09-18 10:30:56.641 | INFO     | eutmux:produce_general_options_commands:242 - '
2023-09-18 10:30:56.642 | INFO     | eutmux:produce_general_options_commands:242 - g
2023-09-18 10:30:56.642 | INFO     | eutmux:produce_general_options_commands:242 - '
2023-09-18 10:30:56.642 | INFO     | eutmux:produce_general_options_commands:242 -
2023-09-18 10:30:56.642 | INFO     | eutmux:produce_general_options_commands:242 - r
2023-09-18 10:30:56.642 | INFO     | eutmux:produce_general_options_commands:242 - u
2023-09-18 10:30:56.642 | INFO     | eutmux:produce_general_options_commands:242 - n
2023-09-18 10:30:56.643 | INFO     | eutmux:produce_general_options_commands:242 - -
2023-09-18 10:30:56.643 | INFO     | eutmux:produce_general_options_commands:242 - s
2023-09-18 10:30:56.643 | INFO     | eutmux:produce_general_options_commands:242 - h
2023-09-18 10:30:56.643 | INFO     | eutmux:produce_general_options_commands:242 - e
2023-09-18 10:30:56.643 | INFO     | eutmux:produce_general_options_commands:242 - l
2023-09-18 10:30:56.643 | INFO     | eutmux:produce_general_options_commands:242 - l
2023-09-18 10:30:56.644 | INFO     | eutmux:produce_general_options_commands:242 -
2023-09-18 10:30:56.644 | INFO     | eutmux:produce_general_options_commands:242 - '
2023-09-18 10:30:56.644 | INFO     | eutmux:produce_general_options_commands:242 - g
2023-09-18 10:30:56.644 | INFO     | eutmux:produce_general_options_commands:242 - l
2023-09-18 10:30:56.644 | INFO     | eutmux:produce_general_options_commands:242 - a
2023-09-18 10:30:56.644 | INFO     | eutmux:produce_general_options_commands:242 - m
2023-09-18 10:30:56.645 | INFO     | eutmux:produce_general_options_commands:242 - o
2023-09-18 10:30:56.645 | INFO     | eutmux:produce_general_options_commands:242 - u
2023-09-18 10:30:56.645 | INFO     | eutmux:produce_general_options_commands:242 - r
2023-09-18 10:30:56.645 | INFO     | eutmux:produce_general_options_commands:242 - .
2023-09-18 10:30:56.645 | INFO     | eutmux:produce_general_options_commands:242 - t
2023-09-18 10:30:56.645 | INFO     | eutmux:produce_general_options_commands:242 - m
2023-09-18 10:30:56.646 | INFO     | eutmux:produce_general_options_commands:242 - u
2023-09-18 10:30:56.646 | INFO     | eutmux:produce_general_options_commands:242 - x
2023-09-18 10:30:56.646 | INFO     | eutmux:produce_general_options_commands:242 -
2023-09-18 10:30:56.646 | INFO     | eutmux:produce_general_options_commands:242 - -
2023-09-18 10:30:56.646 | INFO     | eutmux:produce_general_options_commands:242 - d
2023-09-18 10:30:56.646 | INFO     | eutmux:produce_general_options_commands:242 - '
2023-09-18 10:30:56.647 | INFO     | eutmux:produce_general_options_commands:242 -
2023-09-18 10:30:56.647 | INFO     | eutmux:produce_general_options_commands:242 - b
2023-09-18 10:30:56.647 | INFO     | eutmux:produce_general_options_commands:242 - i
2023-09-18 10:30:56.647 | INFO     | eutmux:produce_general_options_commands:242 - n
2023-09-18 10:30:56.647 | INFO     | eutmux:produce_general_options_commands:242 - d
2023-09-18 10:30:56.647 | INFO     | eutmux:produce_general_options_commands:242 - -
2023-09-18 10:30:56.648 | INFO     | eutmux:produce_general_options_commands:242 - k
2023-09-18 10:30:56.648 | INFO     | eutmux:produce_general_options_commands:242 - e
2023-09-18 10:30:56.648 | INFO     | eutmux:produce_general_options_commands:242 - y
2023-09-18 10:30:56.648 | INFO     | eutmux:produce_general_options_commands:242 -
2023-09-18 10:30:56.649 | INFO     | eutmux:produce_general_options_commands:242 - '
2023-09-18 10:30:56.649 | INFO     | eutmux:produce_general_options_commands:242 - G
2023-09-18 10:30:56.649 | INFO     | eutmux:produce_general_options_commands:242 - '
2023-09-18 10:30:56.649 | INFO     | eutmux:produce_general_options_commands:242 -
2023-09-18 10:30:56.649 | INFO     | eutmux:produce_general_options_commands:242 - r
2023-09-18 10:30:56.649 | INFO     | eutmux:produce_general_options_commands:242 - u
2023-09-18 10:30:56.650 | INFO     | eutmux:produce_general_options_commands:242 - n
2023-09-18 10:30:56.650 | INFO     | eutmux:produce_general_options_commands:242 - -
2023-09-18 10:30:56.650 | INFO     | eutmux:produce_general_options_commands:242 - s
2023-09-18 10:30:56.650 | INFO     | eutmux:produce_general_options_commands:242 - h
2023-09-18 10:30:56.650 | INFO     | eutmux:produce_general_options_commands:242 - e
2023-09-18 10:30:56.650 | INFO     | eutmux:produce_general_options_commands:242 - l
2023-09-18 10:30:56.651 | INFO     | eutmux:produce_general_options_commands:242 - l
2023-09-18 10:30:56.651 | INFO     | eutmux:produce_general_options_commands:242 -
2023-09-18 10:30:56.651 | INFO     | eutmux:produce_general_options_commands:242 - '
2023-09-18 10:30:56.651 | INFO     | eutmux:produce_general_options_commands:242 - g
2023-09-18 10:30:56.651 | INFO     | eutmux:produce_general_options_commands:242 - l
2023-09-18 10:30:56.651 | INFO     | eutmux:produce_general_options_commands:242 - a
2023-09-18 10:30:56.652 | INFO     | eutmux:produce_general_options_commands:242 - m
2023-09-18 10:30:56.652 | INFO     | eutmux:produce_general_options_commands:242 - o
2023-09-18 10:30:56.652 | INFO     | eutmux:produce_general_options_commands:242 - u
2023-09-18 10:30:56.652 | INFO     | eutmux:produce_general_options_commands:242 - r
2023-09-18 10:30:56.652 | INFO     | eutmux:produce_general_options_commands:242 - .
2023-09-18 10:30:56.652 | INFO     | eutmux:produce_general_options_commands:242 - t
2023-09-18 10:30:56.653 | INFO     | eutmux:produce_general_options_commands:242 - m
2023-09-18 10:30:56.653 | INFO     | eutmux:produce_general_options_commands:242 - u
2023-09-18 10:30:56.653 | INFO     | eutmux:produce_general_options_commands:242 - x
2023-09-18 10:30:56.653 | INFO     | eutmux:produce_general_options_commands:242 - '
2023-09-18 10:31:16.917 | INFO     | eutmux:produce_general_options_commands:240 - <class 'list'>
2023-09-18 10:31:16.917 | INFO     | eutmux:produce_general_options_commands:242 - bind-key 'g' run-shell 'eutmux.tmux -d'
2023-09-18 10:31:16.918 | INFO     | eutmux:produce_general_options_commands:242 - bind-key 'G' run-shell 'eutmux.tmux'
2023-09-18 10:31:44.171 | INFO     | eutmux:produce_general_options_commands:240 - <class 'list'>
2023-09-18 10:31:44.171 | INFO     | eutmux:produce_general_options_commands:242 - bind-key 'g' run-shell 'eutmux.tmux -d'
2023-09-18 10:31:44.171 | INFO     | eutmux:produce_general_options_commands:242 - bind-key 'G' run-shell 'eutmux.tmux'
2023-09-18 10:33:09.984 | INFO     | eutmux:produce_general_options_commands:240 - <class 'list'>
2023-09-18 10:33:09.984 | INFO     | eutmux:produce_general_options_commands:242 - bind-key 'g' run-shell 'eutmux.tmux -d'
2023-09-18 10:33:09.984 | INFO     | eutmux:produce_general_options_commands:242 - bind-key 'G' run-shell 'eutmux.tmux'
2023-09-18 10:34:26.220 | INFO     | eutmux:produce_general_options_commands:240 - <class 'list'>
2023-09-18 10:34:26.221 | INFO     | eutmux:produce_general_options_commands:242 - bind-key 'g' run-shell 'eutmux.tmux -d'
2023-09-18 10:34:26.221 | INFO     | eutmux:produce_general_options_commands:242 - bind-key 'G' run-shell 'eutmux.tmux'
2023-09-18 10:37:14.617 | INFO     | eutmux:produce_general_options_commands:240 - <class 'list'>
2023-09-18 10:37:14.617 | INFO     | eutmux:produce_general_options_commands:242 - bind-key 'g' run-shell 'cd $(dirname $(which eutmux.tmux)); ./eutmux.tmux -d'
2023-09-18 10:37:14.618 | INFO     | eutmux:produce_general_options_commands:242 - bind-key 'G' run-shell 'cd $(dirname $(which eutmux.tmux)); ./eutmux.tmux'
2023-09-18 10:37:20.766 | INFO     | eutmux:produce_general_options_commands:240 - <class 'list'>
2023-09-18 10:37:20.767 | INFO     | eutmux:produce_general_options_commands:242 - bind-key 'g' run-shell 'cd $(dirname $(which eutmux.tmux)); ./eutmux.tmux -d'
2023-09-18 10:37:20.767 | INFO     | eutmux:produce_general_options_commands:242 - bind-key 'G' run-shell 'cd $(dirname $(which eutmux.tmux)); ./eutmux.tmux'
2023-09-18 10:37:24.928 | INFO     | eutmux:produce_general_options_commands:240 - <class 'list'>
2023-09-18 10:37:24.929 | INFO     | eutmux:produce_general_options_commands:242 - bind-key 'g' run-shell 'cd $(dirname $(which eutmux.tmux)); ./eutmux.tmux -d'
2023-09-18 10:37:24.929 | INFO     | eutmux:produce_general_options_commands:242 - bind-key 'G' run-shell 'cd $(dirname $(which eutmux.tmux)); ./eutmux.tmux'
2023-09-18 10:37:28.929 | INFO     | eutmux:produce_general_options_commands:240 - <class 'list'>
2023-09-18 10:37:28.930 | INFO     | eutmux:produce_general_options_commands:242 - bind-key 'g' run-shell 'cd $(dirname $(which eutmux.tmux)); ./eutmux.tmux -d'
2023-09-18 10:37:28.930 | INFO     | eutmux:produce_general_options_commands:242 - bind-key 'G' run-shell 'cd $(dirname $(which eutmux.tmux)); ./eutmux.tmux'
2023-09-18 10:37:31.797 | INFO     | eutmux:produce_general_options_commands:240 - <class 'list'>
2023-09-18 10:37:31.797 | INFO     | eutmux:produce_general_options_commands:242 - bind-key 'g' run-shell 'cd $(dirname $(which eutmux.tmux)); ./eutmux.tmux -d'
2023-09-18 10:37:31.797 | INFO     | eutmux:produce_general_options_commands:242 - bind-key 'G' run-shell 'cd $(dirname $(which eutmux.tmux)); ./eutmux.tmux'
2023-09-18 10:37:35.062 | INFO     | eutmux:produce_general_options_commands:240 - <class 'list'>
2023-09-18 10:37:35.063 | INFO     | eutmux:produce_general_options_commands:242 - bind-key 'g' run-shell 'cd $(dirname $(which eutmux.tmux)); ./eutmux.tmux -d'
2023-09-18 10:37:35.063 | INFO     | eutmux:produce_general_options_commands:242 - bind-key 'G' run-shell 'cd $(dirname $(which eutmux.tmux)); ./eutmux.tmux'
2023-09-18 10:38:42.934 | INFO     | eutmux:produce_general_options_commands:240 - <class 'list'>
2023-09-18 10:38:42.934 | INFO     | eutmux:produce_general_options_commands:242 - bind-key 'g' run-shell 'cd $(dirname $(which eutmux.tmux)); ./eutmux.tmux -d'
2023-09-18 10:38:42.934 | INFO     | eutmux:produce_general_options_commands:242 - bind-key 'G' run-shell 'cd $(dirname $(which eutmux.tmux)); ./eutmux.tmux'
2023-09-18 10:43:59.117 | INFO     | eutmux:produce_general_options_commands:240 - <class 'list'>
2023-09-18 10:43:59.117 | INFO     | eutmux:produce_general_options_commands:242 - bind-key 'g' run-shell 'cd $(dirname $(which eutmux.tmux)); ./eutmux.tmux -d'
2023-09-18 10:43:59.118 | INFO     | eutmux:produce_general_options_commands:242 - bind-key 'G' run-shell 'cd $(dirname $(which eutmux.tmux)); ./eutmux.tmux'
2023-09-18 10:44:03.562 | INFO     | eutmux:produce_general_options_commands:240 - <class 'list'>
2023-09-18 10:44:03.563 | INFO     | eutmux:produce_general_options_commands:242 - bind-key 'g' run-shell 'cd $(dirname $(which eutmux.tmux)); ./eutmux.tmux -d'
2023-09-18 10:44:03.563 | INFO     | eutmux:produce_general_options_commands:242 - bind-key 'G' run-shell 'cd $(dirname $(which eutmux.tmux)); ./eutmux.tmux'
2023-09-18 11:01:06.464 | INFO     | eutmux:produce_general_options_commands:230 - <class 'list'>
2023-09-18 11:01:06.464 | INFO     | eutmux:produce_general_options_commands:232 - bind-key 'g' run-shell 'cd $(dirname $(which eutmux.tmux)); ./eutmux.tmux -d'
2023-09-18 11:01:06.464 | INFO     | eutmux:produce_general_options_commands:232 - bind-key 'G' run-shell 'cd $(dirname $(which eutmux.tmux)); ./eutmux.tmux'
2023-09-18 11:01:12.818 | INFO     | eutmux:produce_general_options_commands:230 - <class 'list'>
2023-09-18 11:01:12.818 | INFO     | eutmux:produce_general_options_commands:232 - bind-key 'g' run-shell 'cd $(dirname $(which eutmux.tmux)); ./eutmux.tmux -d'
2023-09-18 11:01:12.819 | INFO     | eutmux:produce_general_options_commands:232 - bind-key 'G' run-shell 'cd $(dirname $(which eutmux.tmux)); ./eutmux.tmux'
2023-09-18 11:36:34.753 | INFO     | __main__:main:227 - [['#035064', '#0d576a', '#175e70', '#216576', '#2b6c7c', '#357382', '#3f7a88', '#49818e', '#538894', '#5d8f9a', '#6796a0', '#719da6', '#7ba4ac', '#85abb2', '#8fb2b8', '#99b9be', '#a3c0c4', '#adc7ca', '#b7ced0', '#c1d5d6', '#cbdcdc', '#d5e3e2', '#dfeae8', '#e9f1ee'], ['#070364', '#110d6a', '#1b1770', '#252176', '#2f2b7c', '#393582', '#433f88', '#4d498e', '#575394', '#615d9a', '#6b67a0', '#7571a6', '#7f7bac', '#8985b2', '#938fb8', '#9d99be', '#a7a3c4', '#b1adca', '#bbb7d0', '#c5c1d6', '#cfcbdc', '#d9d5e2', '#e3dfe8', '#ede9ee'], ['#590364', '#5f0d6a', '#651770', '#6b2176', '#712b7c', '#773582', '#7d3f88', '#83498e', '#895394', '#8f5d9a', '#9567a0', '#9b71a6', '#a17bac', '#a785b2', '#ad8fb8', '#b399be', '#b9a3c4', '#bfadca', '#c5b7d0', '#cbc1d6', '#d1cbdc', '#d7d5e2', '#dddfe8', '#e3e9ee'], ['#64031b', '#6a0d24', '#70172d', '#762136', '#7c2b3f', '#823548', '#883f51', '#8e495a', '#945363', '#9a5d6c', '#a06775', '#a6717e', '#ac7b87', '#b28590', '#b88f99', '#be99a2', '#c4a3ab', '#caadb4', '#d0b7bd', '#d6c1c6', '#dccbcf', '#e2d5d8', '#e8dfe1', '#eee9ea'], ['#643c03', '#6a440d', '#704c17', '#765421', '#7c5c2b', '#826435', '#886c3f', '#8e7449', '#947c53', '#9a845d', '#a08c67', '#a69471', '#ac9c7b', '#b2a485', '#b8ac8f', '#beb499', '#c4bca3', '#cac4ad', '#d0ccb7', '#d6d4c1', '#dcdccb', '#e2e4d5', '#e8ecdf', '#eef4e9'], ['#386403', '#406a0d', '#487017', '#507621', '#587c2b', '#608235', '#68883f', '#708e49', '#789453', '#809a5d', '#88a067', '#90a671', '#98ac7b', '#a0b285', '#a8b88f', '#b0be99', '#b8c4a3', '#c0caad', '#c8d0b7', '#d0d6c1', '#d8dccb', '#e0e2d5', '#e8e8df', '#f0eee9'], ['#03641f', '#0d6a28', '#177031', '#21763a', '#2b7c43', '#35824c', '#3f8855', '#498e5e', '#539467', '#5d9a70', '#67a079', '#71a682', '#7bac8b', '#85b294', '#8fb89d', '#99bea6', '#a3c4af', '#adcab8', '#b7d0c1', '#c1d6ca', '#cbdcd3', '#d5e2dc', '#dfe8e5', '#e9eeee']]
2023-09-18 11:36:34.754 | INFO     | __main__:main:227 - [['#0d0738', '#171140', '#211b48', '#2b2550', '#352f58', '#3f3960', '#494368', '#534d70', '#5d5778', '#676180', '#716b88', '#7b7590', '#857f98', '#8f89a0', '#9993a8', '#a39db0', '#ada7b8', '#b7b1c0', '#c1bbc8', '#cbc5d0', '#d5cfd8', '#dfd9e0', '#e9e3e8', '#f3edf0'], ['#380738', '#401140', '#481b48', '#502550', '#582f58', '#603960', '#684368', '#704d70', '#785778', '#806180', '#886b88', '#907590', '#987f98', '#a089a0', '#a893a8', '#b09db0', '#b8a7b8', '#c0b1c0', '#c8bbc8', '#d0c5d0', '#d8cfd8', '#e0d9e0', '#e8e3e8', '#f0edf0'], ['#38070f', '#401119', '#481b23', '#50252d', '#582f37', '#603941', '#68434b', '#704d55', '#78575f', '#806169', '#886b73', '#90757d', '#987f87', '#a08991', '#a8939b', '#b09da5', '#b8a7af', '#c0b1b9', '#c8bbc3', '#d0c5cd', '#d8cfd7', '#e0d9e1', '#e8e3eb', '#f0edf5'], ['#382907', '#403111', '#48391b', '#504125', '#58492f', '#605139', '#685943', '#70614d', '#786957', '#807161', '#88796b', '#908175', '#98897f', '#a09189', '#a89993', '#b0a19d', '#b8a9a7', '#c0b1b1', '#c8b9bb', '#d0c1c5', '#d8c9cf', '#e0d1d9', '#e8d9e3', '#f0e1ed'], ['#1e3807', '#274011', '#30481b', '#395025', '#42582f', '#4b6039', '#546843', '#5d704d', '#667857', '#6f8061', '#78886b', '#819075', '#8a987f', '#93a089', '#9ca893', '#a5b09d', '#aeb8a7', '#b7c0b1', '#c0c8bb', '#c9d0c5', '#d2d8cf', '#dbe0d9', '#e4e8e3', '#edf0ed'], ['#07381a', '#114023', '#1b482c', '#255035', '#2f583e', '#396047', '#436850', '#4d7059', '#577862', '#61806b', '#6b8874', '#75907d', '#7f9886', '#89a08f', '#93a898', '#9db0a1', '#a7b8aa', '#b1c0b3', '#bbc8bc', '#c5d0c5', '#cfd8ce', '#d9e0d7', '#e3e8e0', '#edf0e9'], ['#072c38', '#113440', '#1b3c48', '#254450', '#2f4c58', '#395460', '#435c68', '#4d6470', '#576c78', '#617480', '#6b7c88', '#758490', '#7f8c98', '#8994a0', '#939ca8', '#9da4b0', '#a7acb8', '#b1b4c0', '#bbbcc8', '#c5c4d0', '#cfccd8', '#d9d4e0', '#e3dce8', '#ede4f0']]
2023-09-18 11:36:34.754 | INFO     | __main__:main:227 - [['#275f5b', '#306561', '#396b67', '#42716d', '#4b7773', '#547d79', '#5d837f', '#668985', '#6f8f8b', '#789591', '#819b97', '#8aa19d', '#93a7a3', '#9cada9', '#a5b3af', '#aeb9b5', '#b7bfbb', '#c0c5c1', '#c9cbc7', '#d2d1cd', '#dbd7d3', '#e4ddd9', '#ede3df', '#f6e9e5'], ['#27345f', '#303c65', '#39446b', '#424c71', '#4b5477', '#545c7d', '#5d6483', '#666c89', '#6f748f', '#787c95', '#81849b', '#8a8ca1', '#9394a7', '#9c9cad', '#a5a4b3', '#aeacb9', '#b7b4bf', '#c0bcc5', '#c9c4cb', '#d2ccd1', '#dbd4d7', '#e4dcdd', '#ede4e3', '#f6ece9'], ['#49275f', '#503065', '#57396b', '#5e4271', '#654b77', '#6c547d', '#735d83', '#7a6689', '#816f8f', '#887895', '#8f819b', '#968aa1', '#9d93a7', '#a49cad', '#aba5b3', '#b2aeb9', '#b9b7bf', '#c0c0c5', '#c7c9cb', '#ced2d1', '#d5dbd7', '#dce4dd', '#e3ede3', '#eaf6e9'], ['#5f2745', '#65304c', '#6b3953', '#71425a', '#774b61', '#7d5468', '#835d6f', '#896676', '#8f6f7d', '#957884', '#9b818b', '#a18a92', '#a79399', '#ad9ca0', '#b3a5a7', '#b9aeae', '#bfb7b5', '#c5c0bc', '#cbc9c3', '#d1d2ca', '#d7dbd1', '#dde4d8', '#e3eddf', '#e9f6e6'], ['#5f3827', '#654030', '#6b4839', '#715042', '#77584b', '#7d6054', '#83685d', '#897066', '#8f786f', '#958078', '#9b8881', '#a1908a', '#a79893', '#ada09c', '#b3a8a5', '#b9b0ae', '#bfb8b7', '#c5c0c0', '#cbc8c9', '#d1d0d2', '#d7d8db', '#dde0e4', '#e3e8ed', '#e9f0f6'], ['#565f27', '#5d6530', '#646b39', '#6b7142', '#72774b', '#797d54', '#80835d', '#878966', '#8e8f6f', '#959578', '#9c9b81', '#a3a18a', '#aaa793', '#b1ad9c', '#b8b3a5', '#bfb9ae', '#c6bfb7', '#cdc5c0', '#d4cbc9', '#dbd1d2', '#e2d7db', '#e9dde4', '#f0e3ed', '#f7e9f6'], ['#275f27', '#306530', '#396b39', '#427142', '#4b774b', '#547d54', '#5d835d', '#668966', '#6f8f6f', '#789578', '#819b81', '#8aa18a', '#93a793', '#9cad9c', '#a5b3a5', '#aeb9ae', '#b7bfb7', '#c0c5c0', '#c9cbc9', '#d2d1d2', '#dbd7db', '#e4dde4', '#ede3ed', '#f6e9f6']]
2023-09-18 11:36:34.755 | INFO     | __main__:main:227 - [['#39452a', '#414c32', '#49533a', '#515a42', '#59614a', '#616852', '#696f5a', '#717662', '#797d6a', '#818472', '#898b7a', '#919282', '#99998a', '#a1a092', '#a9a79a', '#b1aea2', '#b9b5aa', '#c1bcb2', '#c9c3ba', '#d1cac2', '#d9d1ca', '#e1d8d2', '#e9dfda', '#f1e6e2'], ['#2a4531', '#324c39', '#3a5341', '#425a49', '#4a6151', '#526859', '#5a6f61', '#627669', '#6a7d71', '#728479', '#7a8b81', '#829289', '#8a9991', '#92a099', '#9aa7a1', '#a2aea9', '#aab5b1', '#b2bcb9', '#bac3c1', '#c2cac9', '#cad1d1', '#d2d8d9', '#dadfe1', '#e2e6e9'], ['#2a4145', '#32484c', '#3a4f53', '#42565a', '#4a5d61', '#526468', '#5a6b6f', '#627276', '#6a797d', '#728084', '#7a878b', '#828e92', '#8a9599', '#929ca0', '#9aa3a7', '#a2aaae', '#aab1b5', '#b2b8bc', '#babfc3', '#c2c6ca', '#cacdd1', '#d2d4d8', '#dadbdf', '#e2e2e6'], ['#2a2a45', '#32324c', '#3a3a53', '#42425a', '#4a4a61', '#525268', '#5a5a6f', '#626276', '#6a6a7d', '#727284', '#7a7a8b', '#828292', '#8a8a99', '#9292a0', '#9a9aa7', '#a2a2ae', '#aaaab5', '#b2b2bc', '#babac3', '#c2c2ca', '#cacad1', '#d2d2d8', '#dadadf', '#e2e2e6'], ['#402a45', '#47324c', '#4e3a53', '#55425a', '#5c4a61', '#635268', '#6a5a6f', '#716276', '#786a7d', '#7f7284', '#867a8b', '#8d8292', '#948a99', '#9b92a0', '#a29aa7', '#a9a2ae', '#b0aab5', '#b7b2bc', '#bebac3', '#c5c2ca', '#cccad1', '#d3d2d8', '#dadadf', '#e1e2e6'], ['#452a32', '#4c323a', '#533a42', '#5a424a', '#614a52', '#68525a', '#6f5a62', '#76626a', '#7d6a72', '#84727a', '#8b7a82', '#92828a', '#998a92', '#a0929a', '#a79aa2', '#aea2aa', '#b5aab2', '#bcb2ba', '#c3bac2', '#cac2ca', '#d1cad2', '#d8d2da', '#dfdae2', '#e6e2ea'], ['#45382a', '#4c4032', '#53483a', '#5a5042', '#61584a', '#686052', '#6f685a', '#767062', '#7d786a', '#848072', '#8b887a', '#929082', '#99988a', '#a0a092', '#a7a89a', '#aeb0a2', '#b5b8aa', '#bcc0b2', '#c3c8ba', '#cad0c2', '#d1d8ca', '#d8e0d2', '#dfe8da', '#e6f0e2']]
2023-09-18 11:36:34.756 | INFO     | __main__:main:227 - [['#2c3955', '#34415c', '#3c4963', '#44516a', '#4c5971', '#546178', '#5c697f', '#647186', '#6c798d', '#748194', '#7c899b', '#8491a2', '#8c99a9', '#94a1b0', '#9ca9b7', '#a4b1be', '#acb9c5', '#b4c1cc', '#bcc9d3', '#c4d1da', '#ccd9e1', '#d4e1e8', '#dce9ef', '#e4f1f6'], ['#412c55', '#48345c', '#4f3c63', '#56446a', '#5d4c71', '#645478', '#6b5c7f', '#726486', '#796c8d', '#807494', '#877c9b', '#8e84a2', '#958ca9', '#9c94b0', '#a39cb7', '#aaa4be', '#b1acc5', '#b8b4cc', '#bfbcd3', '#c6c4da', '#cdcce1', '#d4d4e8', '#dbdcef', '#e2e4f6'], ['#552c45', '#5c344c', '#633c53', '#6a445a', '#714c61', '#785468', '#7f5c6f', '#866476', '#8d6c7d', '#947484', '#9b7c8b', '#a28492', '#a98c99', '#b094a0', '#b79ca7', '#bea4ae', '#c5acb5', '#ccb4bc', '#d3bcc3', '#dac4ca', '#e1ccd1', '#e8d4d8', '#efdcdf', '#f6e4e6'], ['#55352c', '#5c3d34', '#63453c', '#6a4d44', '#71554c', '#785d54', '#7f655c', '#866d64', '#8d756c', '#947d74', '#9b857c', '#a28d84', '#a9958c', '#b09d94', '#b7a59c', '#beada4', '#c5b5ac', '#ccbdb4', '#d3c5bc', '#dacdc4', '#e1d5cc', '#e8ddd4', '#efe5dc', '#f6ede4'], ['#51552c', '#585c34', '#5f633c', '#666a44', '#6d714c', '#747854', '#7b7f5c', '#828664', '#898d6c', '#909474', '#979b7c', '#9ea284', '#a5a98c', '#acb094', '#b3b79c', '#babea4', '#c1c5ac', '#c8ccb4', '#cfd3bc', '#d6dac4', '#dde1cc', '#e4e8d4', '#ebefdc', '#f2f6e4'], ['#2e552c', '#365c34', '#3e633c', '#466a44', '#4e714c', '#567854', '#5e7f5c', '#668664', '#6e8d6c', '#769474', '#7e9b7c', '#86a284', '#8ea98c', '#96b094', '#9eb79c', '#a6bea4', '#aec5ac', '#b6ccb4', '#bed3bc', '#c6dac4', '#cee1cc', '#d6e8d4', '#deefdc', '#e6f6e4'], ['#2c554c', '#345c53', '#3c635a', '#446a61', '#4c7168', '#54786f', '#5c7f76', '#64867d', '#6c8d84', '#74948b', '#7c9b92', '#84a299', '#8ca9a0', '#94b0a7', '#9cb7ae', '#a4beb5', '#acc5bc', '#b4ccc3', '#bcd3ca', '#c4dad1', '#cce1d8', '#d4e8df', '#dcefe6', '#e4f6ed']]
2023-09-18 11:36:34.756 | INFO     | __main__:main:227 - [['#35555f', '#3d5c65', '#45636b', '#4d6a71', '#557177', '#5d787d', '#657f83', '#6d8689', '#758d8f', '#7d9495', '#859b9b', '#8da2a1', '#95a9a7', '#9db0ad', '#a5b7b3', '#adbeb9', '#b5c5bf', '#bdccc5', '#c5d3cb', '#cddad1', '#d5e1d7', '#dde8dd', '#e5efe3', '#edf6e9'], ['#38355f', '#403d65', '#48456b', '#504d71', '#585577', '#605d7d', '#686583', '#706d89', '#78758f', '#807d95', '#88859b', '#908da1', '#9895a7', '#a09dad', '#a8a5b3', '#b0adb9', '#b8b5bf', '#c0bdc5', '#c8c5cb', '#d0cdd1', '#d8d5d7', '#e0dddd', '#e8e5e3', '#f0ede9'], ['#5c355f', '#623d65', '#68456b', '#6e4d71', '#745577', '#7a5d7d', '#806583', '#866d89', '#8c758f', '#927d95', '#98859b', '#9e8da1', '#a495a7', '#aa9dad', '#b0a5b3', '#b6adb9', '#bcb5bf', '#c2bdc5', '#c8c5cb', '#cecdd1', '#d4d5d7', '#dadddd', '#e0e5e3', '#e6ede9'], ['#5f353d', '#653d45', '#6b454d', '#714d55', '#77555d', '#7d5d65', '#83656d', '#896d75', '#8f757d', '#957d85', '#9b858d', '#a18d95', '#a7959d', '#ad9da5', '#b3a5ad', '#b9adb5', '#bfb5bd', '#c5bdc5', '#cbc5cd', '#d1cdd5', '#d7d5dd', '#dddde5', '#e3e5ed', '#e9edf5'], ['#5f4f35', '#65563d', '#6b5d45', '#71644d', '#776b55', '#7d725d', '#837965', '#89806d', '#8f8775', '#958e7d', '#9b9585', '#a19c8d', '#a7a395', '#adaa9d', '#b3b1a5', '#b9b8ad', '#bfbfb5', '#c5c6bd', '#cbcdc5', '#d1d4cd', '#d7dbd5', '#dde2dd', '#e3e9e5', '#e9f0ed'], ['#4a5f35', '#51653d', '#586b45', '#5f714d', '#667755', '#6d7d5d', '#748365', '#7b896d', '#828f75', '#89957d', '#909b85', '#97a18d', '#9ea795', '#a5ad9d', '#acb3a5', '#b3b9ad', '#babfb5', '#c1c5bd', '#c8cbc5', '#cfd1cd', '#d6d7d5', '#dddddd', '#e4e3e5', '#ebe9ed'], ['#355f43', '#3d654a', '#456b51', '#4d7158', '#55775f', '#5d7d66', '#65836d', '#6d8974', '#758f7b', '#7d9582', '#859b89', '#8da190', '#95a797', '#9dad9e', '#a5b3a5', '#adb9ac', '#b5bfb3', '#bdc5ba', '#c5cbc1', '#cdd1c8', '#d5d7cf', '#ddddd6', '#e5e3dd', '#ede9e4']]
2023-09-18 11:36:34.757 | INFO     | __main__:main:227 - [['#413714', '#483f1d', '#4f4726', '#564f2f', '#5d5738', '#645f41', '#6b674a', '#726f53', '#79775c', '#807f65', '#87876e', '#8e8f77', '#959780', '#9c9f89', '#a3a792', '#aaaf9b', '#b1b7a4', '#b8bfad', '#bfc7b6', '#c6cfbf', '#cdd7c8', '#d4dfd1', '#dbe7da', '#e2efe3'], ['#244114', '#2d481d', '#364f26', '#3f562f', '#485d38', '#516441', '#5a6b4a', '#637253', '#6c795c', '#758065', '#7e876e', '#878e77', '#909580', '#999c89', '#a2a392', '#abaa9b', '#b4b1a4', '#bdb8ad', '#c6bfb6', '#cfc6bf', '#d8cdc8', '#e1d4d1', '#eadbda', '#f3e2e3'], ['#144129', '#1d4831', '#264f39', '#2f5641', '#385d49', '#416451', '#4a6b59', '#537261', '#5c7969', '#658071', '#6e8779', '#778e81', '#809589', '#899c91', '#92a399', '#9baaa1', '#a4b1a9', '#adb8b1', '#b6bfb9', '#bfc6c1', '#c8cdc9', '#d1d4d1', '#dadbd9', '#e3e2e1'], ['#143241', '#1d3a48', '#26424f', '#2f4a56', '#38525d', '#415a64', '#4a626b', '#536a72', '#5c7279', '#657a80', '#6e8287', '#778a8e', '#809295', '#899a9c', '#92a2a3', '#9baaaa', '#a4b2b1', '#adbab8', '#b6c2bf', '#bfcac6', '#c8d2cd', '#d1dad4', '#dae2db', '#e3eae2'], ['#1c1441', '#251d48', '#2e264f', '#372f56', '#40385d', '#494164', '#524a6b', '#5b5372', '#645c79', '#6d6580', '#766e87', '#7f778e', '#888095', '#91899c', '#9a92a3', '#a39baa', '#aca4b1', '#b5adb8', '#beb6bf', '#c7bfc6', '#d0c8cd', '#d9d1d4', '#e2dadb', '#ebe3e2'], ['#41143f', '#481d47', '#4f264f', '#562f57', '#5d385f', '#644167', '#6b4a6f', '#725377', '#795c7f', '#806587', '#876e8f', '#8e7797', '#95809f', '#9c89a7', '#a392af', '#aa9bb7', '#b1a4bf', '#b8adc7', '#bfb6cf', '#c6bfd7', '#cdc8df', '#d4d1e7', '#dbdaef', '#e2e3f7'], ['#411419', '#481d22', '#4f262b', '#562f34', '#5d383d', '#644146', '#6b4a4f', '#725358', '#795c61', '#80656a', '#876e73', '#8e777c', '#958085', '#9c898e', '#a39297', '#aa9ba0', '#b1a4a9', '#b8adb2', '#bfb6bb', '#c6bfc4', '#cdc8cd', '#d4d1d6', '#dbdadf', '#e2e3e8']]
2023-09-18 11:36:34.758 | INFO     | __main__:main:227 - [['#0f5b4b', '#196152', '#236759', '#2d6d60', '#377367', '#41796e', '#4b7f75', '#55857c', '#5f8b83', '#69918a', '#739791', '#7d9d98', '#87a39f', '#91a9a6', '#9bafad', '#a5b5b4', '#afbbbb', '#b9c1c2', '#c3c7c9', '#cdcdd0', '#d7d3d7', '#e1d9de', '#ebdfe5', '#f5e5ec'], ['#0f295b', '#193161', '#233967', '#2d416d', '#374973', '#415179', '#4b597f', '#556185', '#5f698b', '#697191', '#737997', '#7d819d', '#8789a3', '#9191a9', '#9b99af', '#a5a1b5', '#afa9bb', '#b9b1c1', '#c3b9c7', '#cdc1cd', '#d7c9d3', '#e1d1d9', '#ebd9df', '#f5e1e5'], ['#350f5b', '#3d1961', '#452367', '#4d2d6d', '#553773', '#5d4179', '#654b7f', '#6d5585', '#755f8b', '#7d6991', '#857397', '#8d7d9d', '#9587a3', '#9d91a9', '#a59baf', '#ada5b5', '#b5afbb', '#bdb9c1', '#c5c3c7', '#cdcdcd', '#d5d7d3', '#dde1d9', '#e5ebdf', '#edf5e5'], ['#5b0f40', '#611947', '#67234e', '#6d2d55', '#73375c', '#794163', '#7f4b6a', '#855571', '#8b5f78', '#91697f', '#977386', '#9d7d8d', '#a38794', '#a9919b', '#af9ba2', '#b5a5a9', '#bbafb0', '#c1b9b7', '#c7c3be', '#cdcdc5', '#d3d7cc', '#d9e1d3', '#dfebda', '#e5f5e1'], ['#5b1e0f', '#612719', '#673023', '#6d392d', '#734237', '#794b41', '#7f544b', '#855d55', '#8b665f', '#916f69', '#977873', '#9d817d', '#a38a87', '#a99391', '#af9c9b', '#b5a5a5', '#bbaeaf', '#c1b7b9', '#c7c0c3', '#cdc9cd', '#d3d2d7', '#d9dbe1', '#dfe4eb', '#e5edf5'], ['#565b0f', '#5d6119', '#646723', '#6b6d2d', '#727337', '#797941', '#807f4b', '#878555', '#8e8b5f', '#959169', '#9c9773', '#a39d7d', '#aaa387', '#b1a991', '#b8af9b', '#bfb5a5', '#c6bbaf', '#cdc1b9', '#d4c7c3', '#dbcdcd', '#e2d3d7', '#e9d9e1', '#f0dfeb', '#f7e5f5'], ['#165b0f', '#1f6119', '#286723', '#316d2d', '#3a7337', '#437941', '#4c7f4b', '#558555', '#5e8b5f', '#679169', '#709773', '#799d7d', '#82a387', '#8ba991', '#94af9b', '#9db5a5', '#a6bbaf', '#afc1b9', '#b8c7c3', '#c1cdcd', '#cad3d7', '#d3d9e1', '#dcdfeb', '#e5e5f5']]
2023-09-18 11:36:34.758 | INFO     | __main__:main:227 - [['#572e27', '#5e3630', '#653e39', '#6c4642', '#734e4b', '#7a5654', '#815e5d', '#886666', '#8f6e6f', '#967678', '#9d7e81', '#a4868a', '#ab8e93', '#b2969c', '#b99ea5', '#c0a6ae', '#c7aeb7', '#ceb6c0', '#d5bec9', '#dcc6d2', '#e3cedb', '#ead6e4', '#f1deed', '#f8e6f6'], ['#575627', '#5e5d30', '#656439', '#6c6b42', '#73724b', '#7a7954', '#81805d', '#888766', '#8f8e6f', '#969578', '#9d9c81', '#a4a38a', '#abaa93', '#b2b19c', '#b9b8a5', '#c0bfae', '#c7c6b7', '#cecdc0', '#d5d4c9', '#dcdbd2', '#e3e2db', '#eae9e4', '#f1f0ed', '#f8f7f6'], ['#2e5727', '#365e30', '#3e6539', '#466c42', '#4e734b', '#567a54', '#5e815d', '#668866', '#6e8f6f', '#769678', '#7e9d81', '#86a48a', '#8eab93', '#96b29c', '#9eb9a5', '#a6c0ae', '#aec7b7', '#b6cec0', '#bed5c9', '#c6dcd2', '#cee3db', '#d6eae4', '#def1ed', '#e6f8f6'], ['#275748', '#305e4f', '#396556', '#426c5d', '#4b7364', '#547a6b', '#5d8172', '#668879', '#6f8f80', '#789687', '#819d8e', '#8aa495', '#93ab9c', '#9cb2a3', '#a5b9aa', '#aec0b1', '#b7c7b8', '#c0cebf', '#c9d5c6', '#d2dccd', '#dbe3d4', '#e4eadb', '#edf1e2', '#f6f8e9'], ['#273c57', '#30445e', '#394c65', '#42546c', '#4b5c73', '#54647a', '#5d6c81', '#667488', '#6f7c8f', '#788496', '#818c9d', '#8a94a4', '#939cab', '#9ca4b2', '#a5acb9', '#aeb4c0', '#b7bcc7', '#c0c4ce', '#c9ccd5', '#d2d4dc', '#dbdce3', '#e4e4ea', '#edecf1', '#f6f4f8'], ['#3a2757', '#42305e', '#4a3965', '#52426c', '#5a4b73', '#62547a', '#6a5d81', '#726688', '#7a6f8f', '#827896', '#8a819d', '#928aa4', '#9a93ab', '#a29cb2', '#aaa5b9', '#b2aec0', '#bab7c7', '#c2c0ce', '#cac9d5', '#d2d2dc', '#dadbe3', '#e2e4ea', '#eaedf1', '#f2f6f8'], ['#57274b', '#5e3052', '#653959', '#6c4260', '#734b67', '#7a546e', '#815d75', '#88667c', '#8f6f83', '#96788a', '#9d8191', '#a48a98', '#ab939f', '#b29ca6', '#b9a5ad', '#c0aeb4', '#c7b7bb', '#cec0c2', '#d5c9c9', '#dcd2d0', '#e3dbd7', '#eae4de', '#f1ede5', '#f8f6ec']]
2023-09-18 11:36:34.759 | INFO     | __main__:main:228 - ['C_1_0:#f3e8de', 'C_1_1:#e8d2bd', 'C_1_2:#ddbc9c', 'C_1_3:#d2a67b', 'C_1_4:#c7905a', 'C_2_0:#bc7a39', 'C_2_1:#e2f3de', 'C_2_2:#c8e8bd', 'C_2_3:#aedd9c', 'C_2_4:#94d27b', 'C_3_0:#7ac75a', 'C_3_1:#60bc39', 'C_3_2:#def3f0', 'C_3_3:#bde8e3', 'C_3_4:#9cddd6', 'C_4_0:#7bd2c9', 'C_4_1:#5ac7bc', 'C_4_2:#39bcaf', 'C_4_3:#dcdef3', 'C_4_4:#bebde8', 'C_5_0:#a09cdd', 'C_5_1:#827bd2', 'C_5_2:#645ac7', 'C_5_3:#4639bc', 'C_5_4:#f3dee9', 'C_6_0:#e8bdd8', 'C_6_1:#dd9cc7', 'C_6_2:#d27bb6', 'C_6_3:#c75aa5', 'C_6_4:#bc3994', 'C_7_0:#d7d6d4', 'C_7_1:#afaeaa', 'C_7_2:#878680', 'C_7_3:#5f5e56', 'C_7_4:#37362c', 'C_8_0:#0f0e02']
2023-09-18 11:38:08.630 | INFO     | __main__:main:227 - [['#090208', '#130c12', '#1d161c', '#272026', '#312a30', '#3b343a', '#453e44', '#4f484e', '#595258', '#635c62', '#6d666c', '#777076', '#817a80', '#8b848a', '#958e94', '#9f989e', '#a9a2a8', '#b3acb2', '#bdb6bc', '#c7c0c6', '#d1cad0', '#dbd4da', '#e5dee4', '#efe8ee'], ['#090203', '#130c0d', '#1d1617', '#272021', '#312a2b', '#3b3435', '#453e3f', '#4f4849', '#595253', '#635c5d', '#6d6667', '#777071', '#817a7b', '#8b8485', '#958e8f', '#9f9899', '#a9a2a3', '#b3acad', '#bdb6b7', '#c7c0c1', '#d1cacb', '#dbd4d5', '#e5dedf', '#efe8e9'], ['#090602', '#13100c', '#1d1a16', '#272420', '#312e2a', '#3b3834', '#45423e', '#4f4c48', '#595652', '#63605c', '#6d6a66', '#777470', '#817e7a', '#8b8884', '#95928e', '#9f9c98', '#a9a6a2', '#b3b0ac', '#bdbab6', '#c7c4c0', '#d1ceca', '#dbd8d4', '#e5e2de', '#efece8'], ['#050902', '#0f130c', '#191d16', '#232720', '#2d312a', '#373b34', '#41453e', '#4b4f48', '#555952', '#5f635c', '#696d66', '#737770', '#7d817a', '#878b84', '#91958e', '#9b9f98', '#a5a9a2', '#afb3ac', '#b9bdb6', '#c3c7c0', '#cdd1ca', '#d7dbd4', '#e1e5de', '#ebefe8'], ['#020904', '#0c130e', '#161d18', '#202722', '#2a312c', '#343b36', '#3e4540', '#484f4a', '#525954', '#5c635e', '#666d68', '#707772', '#7a817c', '#848b86', '#8e9590', '#989f9a', '#a2a9a4', '#acb3ae', '#b6bdb8', '#c0c7c2', '#cad1cc', '#d4dbd6', '#dee5e0', '#e8efea'], ['#020709', '#0c1113', '#161b1d', '#202527', '#2a2f31', '#34393b', '#3e4345', '#484d4f', '#525759', '#5c6163', '#666b6d', '#707577', '#7a7f81', '#84898b', '#8e9395', '#989d9f', '#a2a7a9', '#acb1b3', '#b6bbbd', '#c0c5c7', '#cacfd1', '#d4d9db', '#dee3e5', '#e8edef'], ['#020209', '#0c0c13', '#16161d', '#202027', '#2a2a31', '#34343b', '#3e3e45', '#48484f', '#525259', '#5c5c63', '#66666d', '#707077', '#7a7a81', '#84848b', '#8e8e95', '#98989f', '#a2a2a9', '#acacb3', '#b6b6bd', '#c0c0c7', '#cacad1', '#d4d4db', '#dedee5', '#e8e8ef']]
2023-09-18 11:38:08.631 | INFO     | __main__:main:227 - [['#631415', '#691d1e', '#6f2627', '#752f30', '#7b3839', '#814142', '#874a4b', '#8d5354', '#935c5d', '#996566', '#9f6e6f', '#a57778', '#ab8081', '#b1898a', '#b79293', '#bd9b9c', '#c3a4a5', '#c9adae', '#cfb6b7', '#d5bfc0', '#dbc8c9', '#e1d1d2', '#e7dadb', '#ede3e4'], ['#635714', '#695e1d', '#6f6526', '#756c2f', '#7b7338', '#817a41', '#87814a', '#8d8853', '#938f5c', '#999665', '#9f9d6e', '#a5a477', '#abab80', '#b1b289', '#b7b992', '#bdc09b', '#c3c7a4', '#c9cead', '#cfd5b6', '#d5dcbf', '#dbe3c8', '#e1ead1', '#e7f1da', '#edf8e3'], ['#2d6314', '#35691d', '#3d6f26', '#45752f', '#4d7b38', '#558141', '#5d874a', '#658d53', '#6d935c', '#759965', '#7d9f6e', '#85a577', '#8dab80', '#95b189', '#9db792', '#a5bd9b', '#adc3a4', '#b5c9ad', '#bdcfb6', '#c5d5bf', '#cddbc8', '#d5e1d1', '#dde7da', '#e5ede3'], ['#14633e', '#1d6946', '#266f4e', '#2f7556', '#387b5e', '#418166', '#4a876e', '#538d76', '#5c937e', '#659986', '#6e9f8e', '#77a596', '#80ab9e', '#89b1a6', '#92b7ae', '#9bbdb6', '#a4c3be', '#adc9c6', '#b6cfce', '#bfd5d6', '#c8dbde', '#d1e1e6', '#dae7ee', '#e3edf6'], ['#144563', '#1d4c69', '#26536f', '#2f5a75', '#38617b', '#416881', '#4a6f87', '#53768d', '#5c7d93', '#658499', '#6e8b9f', '#7792a5', '#8099ab', '#89a0b1', '#92a7b7', '#9baebd', '#a4b5c3', '#adbcc9', '#b6c3cf', '#bfcad5', '#c8d1db', '#d1d8e1', '#dadfe7', '#e3e6ed'], ['#261463', '#2f1d69', '#38266f', '#412f75', '#4a387b', '#534181', '#5c4a87', '#65538d', '#6e5c93', '#776599', '#806e9f', '#8977a5', '#9280ab', '#9b89b1', '#a492b7', '#ad9bbd', '#b6a4c3', '#bfadc9', '#c8b6cf', '#d1bfd5', '#dac8db', '#e3d1e1', '#ecdae7', '#f5e3ed'], ['#63145c', '#691d62', '#6f2668', '#752f6e', '#7b3874', '#81417a', '#874a80', '#8d5386', '#935c8c', '#996592', '#9f6e98', '#a5779e', '#ab80a4', '#b189aa', '#b792b0', '#bd9bb6', '#c3a4bc', '#c9adc2', '#cfb6c8', '#d5bfce', '#dbc8d4', '#e1d1da', '#e7dae0', '#ede3e6']]
2023-09-18 11:38:08.639 | INFO     | __main__:main:227 - [['#060c26', '#10162f', '#1a2038', '#242a41', '#2e344a', '#383e53', '#42485c', '#4c5265', '#565c6e', '#606677', '#6a7080', '#747a89', '#7e8492', '#888e9b', '#9298a4', '#9ca2ad', '#a6acb6', '#b0b6bf', '#bac0c8', '#c4cad1', '#ced4da', '#d8dee3', '#e2e8ec', '#ecf2f5'], ['#1b0626', '#24102f', '#2d1a38', '#362441', '#3f2e4a', '#483853', '#51425c', '#5a4c65', '#63566e', '#6c6077', '#756a80', '#7e7489', '#877e92', '#90889b', '#9992a4', '#a29cad', '#aba6b6', '#b4b0bf', '#bdbac8', '#c6c4d1', '#cfceda', '#d8d8e3', '#e1e2ec', '#eaecf5'], ['#260616', '#2f101f', '#381a28', '#412431', '#4a2e3a', '#533843', '#5c424c', '#654c55', '#6e565e', '#776067', '#806a70', '#897479', '#927e82', '#9b888b', '#a49294', '#ad9c9d', '#b6a6a6', '#bfb0af', '#c8bab8', '#d1c4c1', '#daceca', '#e3d8d3', '#ece2dc', '#f5ece5'], ['#261206', '#2f1b10', '#38241a', '#412d24', '#4a362e', '#533f38', '#5c4842', '#65514c', '#6e5a56', '#776360', '#806c6a', '#897574', '#927e7e', '#9b8788', '#a49092', '#ad999c', '#b6a2a6', '#bfabb0', '#c8b4ba', '#d1bdc4', '#dac6ce', '#e3cfd8', '#ecd8e2', '#f5e1ec'], ['#1f2606', '#282f10', '#31381a', '#3a4124', '#434a2e', '#4c5338', '#555c42', '#5e654c', '#676e56', '#707760', '#79806a', '#828974', '#8b927e', '#949b88', '#9da492', '#a6ad9c', '#afb6a6', '#b8bfb0', '#c1c8ba', '#cad1c4', '#d3dace', '#dce3d8', '#e5ece2', '#eef5ec'], ['#062608', '#102f12', '#1a381c', '#244126', '#2e4a30', '#38533a', '#425c44', '#4c654e', '#566e58', '#607762', '#6a806c', '#748976', '#7e9280', '#889b8a', '#92a494', '#9cad9e', '#a6b6a8', '#b0bfb2', '#bac8bc', '#c4d1c6', '#cedad0', '#d8e3da', '#e2ece4', '#ecf5ee'], ['#062623', '#102f2c', '#1a3835', '#24413e', '#2e4a47', '#385350', '#425c59', '#4c6562', '#566e6b', '#607774', '#6a807d', '#748986', '#7e928f', '#889b98', '#92a4a1', '#9cadaa', '#a6b6b3', '#b0bfbc', '#bac8c5', '#c4d1ce', '#cedad7', '#d8e3e0', '#e2ece9', '#ecf5f2']]
2023-09-18 11:38:08.640 | INFO     | __main__:main:227 - [['#525252', '#595959', '#606060', '#676767', '#6e6e6e', '#757575', '#7c7c7c', '#838383', '#8a8a8a', '#919191', '#989898', '#9f9f9f', '#a6a6a6', '#adadad', '#b4b4b4', '#bbbbbb', '#c2c2c2', '#c9c9c9', '#d0d0d0', '#d7d7d7', '#dedede', '#e5e5e5', '#ececec', '#f3f3f3'], ['#525252', '#595959', '#606060', '#676767', '#6e6e6e', '#757575', '#7c7c7c', '#838383', '#8a8a8a', '#919191', '#989898', '#9f9f9f', '#a6a6a6', '#adadad', '#b4b4b4', '#bbbbbb', '#c2c2c2', '#c9c9c9', '#d0d0d0', '#d7d7d7', '#dedede', '#e5e5e5', '#ececec', '#f3f3f3'], ['#525252', '#595959', '#606060', '#676767', '#6e6e6e', '#757575', '#7c7c7c', '#838383', '#8a8a8a', '#919191', '#989898', '#9f9f9f', '#a6a6a6', '#adadad', '#b4b4b4', '#bbbbbb', '#c2c2c2', '#c9c9c9', '#d0d0d0', '#d7d7d7', '#dedede', '#e5e5e5', '#ececec', '#f3f3f3'], ['#525252', '#595959', '#606060', '#676767', '#6e6e6e', '#757575', '#7c7c7c', '#838383', '#8a8a8a', '#919191', '#989898', '#9f9f9f', '#a6a6a6', '#adadad', '#b4b4b4', '#bbbbbb', '#c2c2c2', '#c9c9c9', '#d0d0d0', '#d7d7d7', '#dedede', '#e5e5e5', '#ececec', '#f3f3f3'], ['#525252', '#595959', '#606060', '#676767', '#6e6e6e', '#757575', '#7c7c7c', '#838383', '#8a8a8a', '#919191', '#989898', '#9f9f9f', '#a6a6a6', '#adadad', '#b4b4b4', '#bbbbbb', '#c2c2c2', '#c9c9c9', '#d0d0d0', '#d7d7d7', '#dedede', '#e5e5e5', '#ececec', '#f3f3f3'], ['#525252', '#595959', '#606060', '#676767', '#6e6e6e', '#757575', '#7c7c7c', '#838383', '#8a8a8a', '#919191', '#989898', '#9f9f9f', '#a6a6a6', '#adadad', '#b4b4b4', '#bbbbbb', '#c2c2c2', '#c9c9c9', '#d0d0d0', '#d7d7d7', '#dedede', '#e5e5e5', '#ececec', '#f3f3f3'], ['#525252', '#595959', '#606060', '#676767', '#6e6e6e', '#757575', '#7c7c7c', '#838383', '#8a8a8a', '#919191', '#989898', '#9f9f9f', '#a6a6a6', '#adadad', '#b4b4b4', '#bbbbbb', '#c2c2c2', '#c9c9c9', '#d0d0d0', '#d7d7d7', '#dedede', '#e5e5e5', '#ececec', '#f3f3f3']]
2023-09-18 11:38:08.641 | INFO     | __main__:main:227 - [['#252b28', '#2e3330', '#373b38', '#404340', '#494b48', '#525350', '#5b5b58', '#646360', '#6d6b68', '#767370', '#7f7b78', '#888380', '#918b88', '#9a9390', '#a39b98', '#aca3a0', '#b5aba8', '#beb3b0', '#c7bbb8', '#d0c3c0', '#d9cbc8', '#e2d3d0', '#ebdbd8', '#f4e3e0'], ['#25292b', '#2e3133', '#37393b', '#404143', '#49494b', '#525153', '#5b595b', '#646163', '#6d696b', '#767173', '#7f797b', '#888183', '#91898b', '#9a9193', '#a3999b', '#aca1a3', '#b5a9ab', '#beb1b3', '#c7b9bb', '#d0c1c3', '#d9c9cb', '#e2d1d3', '#ebd9db', '#f4e1e3'], ['#26252b', '#2f2e33', '#38373b', '#414043', '#4a494b', '#535253', '#5c5b5b', '#656463', '#6e6d6b', '#777673', '#807f7b', '#898883', '#92918b', '#9b9a93', '#a4a39b', '#adaca3', '#b6b5ab', '#bfbeb3', '#c8c7bb', '#d1d0c3', '#dad9cb', '#e3e2d3', '#ecebdb', '#f5f4e3'], ['#2b252b', '#332e33', '#3b373b', '#434043', '#4b494b', '#535253', '#5b5b5b', '#636463', '#6b6d6b', '#737673', '#7b7f7b', '#838883', '#8b918b', '#939a93', '#9ba39b', '#a3aca3', '#abb5ab', '#b3beb3', '#bbc7bb', '#c3d0c3', '#cbd9cb', '#d3e2d3', '#dbebdb', '#e3f4e3'], ['#2b2525', '#332e2e', '#3b3737', '#434040', '#4b4949', '#535252', '#5b5b5b', '#636464', '#6b6d6d', '#737676', '#7b7f7f', '#838888', '#8b9191', '#939a9a', '#9ba3a3', '#a3acac', '#abb5b5', '#b3bebe', '#bbc7c7', '#c3d0d0', '#cbd9d9', '#d3e2e2', '#dbebeb', '#e3f4f4'], ['#2b2a25', '#33322e', '#3b3a37', '#434240', '#4b4a49', '#535252', '#5b5a5b', '#636264', '#6b6a6d', '#737276', '#7b7a7f', '#838288', '#8b8a91', '#93929a', '#9b9aa3', '#a3a2ac', '#abaab5', '#b3b2be', '#bbbac7', '#c3c2d0', '#cbcad9', '#d3d2e2', '#dbdaeb', '#e3e2f4'], ['#272b25', '#30332e', '#393b37', '#424340', '#4b4b49', '#545352', '#5d5b5b', '#666364', '#6f6b6d', '#787376', '#817b7f', '#8a8388', '#938b91', '#9c939a', '#a59ba3', '#aea3ac', '#b7abb5', '#c0b3be', '#c9bbc7', '#d2c3d0', '#dbcbd9', '#e4d3e2', '#eddbeb', '#f6e3f4']]
2023-09-18 11:38:08.641 | INFO     | __main__:main:227 - [['#641538', '#6a1e40', '#702748', '#763050', '#7c3958', '#824260', '#884b68', '#8e5470', '#945d78', '#9a6680', '#a06f88', '#a67890', '#ac8198', '#b28aa0', '#b893a8', '#be9cb0', '#c4a5b8', '#caaec0', '#d0b7c8', '#d6c0d0', '#dcc9d8', '#e2d2e0', '#e8dbe8', '#eee4f0'], ['#643515', '#6a3d1e', '#704527', '#764d30', '#7c5539', '#825d42', '#88654b', '#8e6d54', '#94755d', '#9a7d66', '#a0856f', '#a68d78', '#ac9581', '#b29d8a', '#b8a593', '#bead9c', '#c4b5a5', '#cabdae', '#d0c5b7', '#d6cdc0', '#dcd5c9', '#e2ddd2', '#e8e5db', '#eeede4'], ['#506415', '#576a1e', '#5e7027', '#657630', '#6c7c39', '#738242', '#7a884b', '#818e54', '#88945d', '#8f9a66', '#96a06f', '#9da678', '#a4ac81', '#abb28a', '#b2b893', '#b9be9c', '#c0c4a5', '#c7caae', '#ced0b7', '#d5d6c0', '#dcdcc9', '#e3e2d2', '#eae8db', '#f1eee4'], ['#15641d', '#1e6a26', '#27702f', '#307638', '#397c41', '#42824a', '#4b8853', '#548e5c', '#5d9465', '#669a6e', '#6fa077', '#78a680', '#81ac89', '#8ab292', '#93b89b', '#9cbea4', '#a5c4ad', '#aecab6', '#b7d0bf', '#c0d6c8', '#c9dcd1', '#d2e2da', '#dbe8e3', '#e4eeec'], ['#156460', '#1e6a66', '#27706c', '#307672', '#397c78', '#42827e', '#4b8884', '#548e8a', '#5d9490', '#669a96', '#6fa09c', '#78a6a2', '#81aca8', '#8ab2ae', '#93b8b4', '#9cbeba', '#a5c4c0', '#aecac6', '#b7d0cc', '#c0d6d2', '#c9dcd8', '#d2e2de', '#dbe8e4', '#e4eeea'], ['#152564', '#1e2e6a', '#273770', '#304076', '#39497c', '#425282', '#4b5b88', '#54648e', '#5d6d94', '#66769a', '#6f7fa0', '#7888a6', '#8191ac', '#8a9ab2', '#93a3b8', '#9cacbe', '#a5b5c4', '#aebeca', '#b7c7d0', '#c0d0d6', '#c9d9dc', '#d2e2e2', '#dbebe8', '#e4f4ee'], ['#481564', '#4f1e6a', '#562770', '#5d3076', '#64397c', '#6b4282', '#724b88', '#79548e', '#805d94', '#87669a', '#8e6fa0', '#9578a6', '#9c81ac', '#a38ab2', '#aa93b8', '#b19cbe', '#b8a5c4', '#bfaeca', '#c6b7d0', '#cdc0d6', '#d4c9dc', '#dbd2e2', '#e2dbe8', '#e9e4ee']]
2023-09-18 11:38:08.642 | INFO     | __main__:main:227 - [['#245a23', '#2d602c', '#366635', '#3f6c3e', '#487247', '#517850', '#5a7e59', '#638462', '#6c8a6b', '#759074', '#7e967d', '#879c86', '#90a28f', '#99a898', '#a2aea1', '#abb4aa', '#b4bab3', '#bdc0bc', '#c6c6c5', '#cfccce', '#d8d2d7', '#e1d8e0', '#eadee9', '#f3e4f2'], ['#235a50', '#2c6057', '#35665e', '#3e6c65', '#47726c', '#507873', '#597e7a', '#628481', '#6b8a88', '#74908f', '#7d9696', '#869c9d', '#8fa2a4', '#98a8ab', '#a1aeb2', '#aab4b9', '#b3bac0', '#bcc0c7', '#c5c6ce', '#ceccd5', '#d7d2dc', '#e0d8e3', '#e9deea', '#f2e4f1'], ['#23345a', '#2c3c60', '#354466', '#3e4c6c', '#475472', '#505c78', '#59647e', '#626c84', '#6b748a', '#747c90', '#7d8496', '#868c9c', '#8f94a2', '#989ca8', '#a1a4ae', '#aaacb4', '#b3b4ba', '#bcbcc0', '#c5c4c6', '#cecccc', '#d7d4d2', '#e0dcd8', '#e9e4de', '#f2ece4'], ['#40235a', '#472c60', '#4e3566', '#553e6c', '#5c4772', '#635078', '#6a597e', '#716284', '#786b8a', '#7f7490', '#867d96', '#8d869c', '#948fa2', '#9b98a8', '#a2a1ae', '#a9aab4', '#b0b3ba', '#b7bcc0', '#bec5c6', '#c5cecc', '#ccd7d2', '#d3e0d8', '#dae9de', '#e1f2e4'], ['#5a2344', '#602c4b', '#663552', '#6c3e59', '#724760', '#785067', '#7e596e', '#846275', '#8a6b7c', '#907483', '#967d8a', '#9c8691', '#a28f98', '#a8989f', '#aea1a6', '#b4aaad', '#bab3b4', '#c0bcbb', '#c6c5c2', '#cccec9', '#d2d7d0', '#d8e0d7', '#dee9de', '#e4f2e5'], ['#5a2f23', '#60372c', '#663f35', '#6c473e', '#724f47', '#785750', '#7e5f59', '#846762', '#8a6f6b', '#907774', '#967f7d', '#9c8786', '#a28f8f', '#a89798', '#ae9fa1', '#b4a7aa', '#baafb3', '#c0b7bc', '#c6bfc5', '#ccc7ce', '#d2cfd7', '#d8d7e0', '#dedfe9', '#e4e7f2'], ['#555a23', '#5c602c', '#636635', '#6a6c3e', '#717247', '#787850', '#7f7e59', '#868462', '#8d8a6b', '#949074', '#9b967d', '#a29c86', '#a9a28f', '#b0a898', '#b7aea1', '#beb4aa', '#c5bab3', '#ccc0bc', '#d3c6c5', '#daccce', '#e1d2d7', '#e8d8e0', '#efdee9', '#f6e4f2']]
2023-09-18 11:38:08.643 | INFO     | __main__:main:227 - [['#1f1162', '#281a68', '#31236e', '#3a2c74', '#43357a', '#4c3e80', '#554786', '#5e508c', '#675992', '#706298', '#796b9e', '#8274a4', '#8b7daa', '#9486b0', '#9d8fb6', '#a698bc', '#afa1c2', '#b8aac8', '#c1b3ce', '#cabcd4', '#d3c5da', '#dccee0', '#e5d7e6', '#eee0ec'], ['#621160', '#681a66', '#6e236c', '#742c72', '#7a3578', '#803e7e', '#864784', '#8c508a', '#925990', '#986296', '#9e6b9c', '#a474a2', '#aa7da8', '#b086ae', '#b68fb4', '#bc98ba', '#c2a1c0', '#c8aac6', '#ceb3cc', '#d4bcd2', '#dac5d8', '#e0cede', '#e6d7e4', '#ece0ea'], ['#62111c', '#681a25', '#6e232e', '#742c37', '#7a3540', '#803e49', '#864752', '#8c505b', '#925964', '#98626d', '#9e6b76', '#a4747f', '#aa7d88', '#b08691', '#b68f9a', '#bc98a3', '#c2a1ac', '#c8aab5', '#ceb3be', '#d4bcc7', '#dac5d0', '#e0ced9', '#e6d7e2', '#ece0eb'], ['#624c11', '#68531a', '#6e5a23', '#74612c', '#7a6835', '#806f3e', '#867647', '#8c7d50', '#928459', '#988b62', '#9e926b', '#a49974', '#aaa07d', '#b0a786', '#b6ae8f', '#bcb598', '#c2bca1', '#c8c3aa', '#cecab3', '#d4d1bc', '#dad8c5', '#e0dfce', '#e6e6d7', '#ecede0'], ['#346211', '#3c681a', '#446e23', '#4c742c', '#547a35', '#5c803e', '#648647', '#6c8c50', '#749259', '#7c9862', '#849e6b', '#8ca474', '#94aa7d', '#9cb086', '#a4b68f', '#acbc98', '#b4c2a1', '#bcc8aa', '#c4ceb3', '#ccd4bc', '#d4dac5', '#dce0ce', '#e4e6d7', '#ecece0'], ['#116234', '#1a683c', '#236e44', '#2c744c', '#357a54', '#3e805c', '#478664', '#508c6c', '#599274', '#62987c', '#6b9e84', '#74a48c', '#7daa94', '#86b09c', '#8fb6a4', '#98bcac', '#a1c2b4', '#aac8bc', '#b3cec4', '#bcd4cc', '#c5dad4', '#cee0dc', '#d7e6e4', '#e0ecec'], ['#114b62', '#1a5268', '#23596e', '#2c6074', '#35677a', '#3e6e80', '#477586', '#507c8c', '#598392', '#628a98', '#6b919e', '#7498a4', '#7d9faa', '#86a6b0', '#8fadb6', '#98b4bc', '#a1bbc2', '#aac2c8', '#b3c9ce', '#bcd0d4', '#c5d7da', '#cedee0', '#d7e5e6', '#e0ecec']]
2023-09-18 11:38:08.644 | INFO     | __main__:main:227 - [['#455251', '#4c5958', '#53605f', '#5a6766', '#616e6d', '#687574', '#6f7c7b', '#768382', '#7d8a89', '#849190', '#8b9897', '#929f9e', '#99a6a5', '#a0adac', '#a7b4b3', '#aebbba', '#b5c2c1', '#bcc9c8', '#c3d0cf', '#cad7d6', '#d1dedd', '#d8e5e4', '#dfeceb', '#e6f3f2'], ['#454852', '#4c4f59', '#535660', '#5a5d67', '#61646e', '#686b75', '#6f727c', '#767983', '#7d808a', '#848791', '#8b8e98', '#92959f', '#999ca6', '#a0a3ad', '#a7aab4', '#aeb1bb', '#b5b8c2', '#bcbfc9', '#c3c6d0', '#cacdd7', '#d1d4de', '#d8dbe5', '#dfe2ec', '#e6e9f3'], ['#4d4552', '#544c59', '#5b5360', '#625a67', '#69616e', '#706875', '#776f7c', '#7e7683', '#857d8a', '#8c8491', '#938b98', '#9a929f', '#a199a6', '#a8a0ad', '#afa7b4', '#b6aebb', '#bdb5c2', '#c4bcc9', '#cbc3d0', '#d2cad7', '#d9d1de', '#e0d8e5', '#e7dfec', '#eee6f3'], ['#52454c', '#594c53', '#60535a', '#675a61', '#6e6168', '#75686f', '#7c6f76', '#83767d', '#8a7d84', '#91848b', '#988b92', '#9f9299', '#a699a0', '#ada0a7', '#b4a7ae', '#bbaeb5', '#c2b5bc', '#c9bcc3', '#d0c3ca', '#d7cad1', '#ded1d8', '#e5d8df', '#ecdfe6', '#f3e6ed'], ['#524945', '#59504c', '#605753', '#675e5a', '#6e6561', '#756c68', '#7c736f', '#837a76', '#8a817d', '#918884', '#988f8b', '#9f9692', '#a69d99', '#ada4a0', '#b4aba7', '#bbb2ae', '#c2b9b5', '#c9c0bc', '#d0c7c3', '#d7ceca', '#ded5d1', '#e5dcd8', '#ece3df', '#f3eae6'], ['#505245', '#57594c', '#5e6053', '#65675a', '#6c6e61', '#737568', '#7a7c6f', '#818376', '#888a7d', '#8f9184', '#96988b', '#9d9f92', '#a4a699', '#abada0', '#b2b4a7', '#b9bbae', '#c0c2b5', '#c7c9bc', '#ced0c3', '#d5d7ca', '#dcded1', '#e3e5d8', '#eaecdf', '#f1f3e6'], ['#455245', '#4c594c', '#536053', '#5a675a', '#616e61', '#687568', '#6f7c6f', '#768376', '#7d8a7d', '#849184', '#8b988b', '#929f92', '#99a699', '#a0ada0', '#a7b4a7', '#aebbae', '#b5c2b5', '#bcc9bc', '#c3d0c3', '#cad7ca', '#d1ded1', '#d8e5d8', '#dfecdf', '#e6f3e6']]
2023-09-18 11:38:08.644 | INFO     | __main__:main:228 - ['C_1_0:#f2dfe4', 'C_1_1:#e9c1ca', 'C_1_2:#e0a3b0', 'C_1_3:#d78596', 'C_1_4:#ce677c', 'C_1_5:#c54962', 'C_2_0:#f2f5df', 'C_2_1:#e9ebc1', 'C_2_2:#e0e1a3', 'C_2_3:#d7d785', 'C_2_4:#cecd67', 'C_2_5:#c5c349', 'C_3_0:#dff2e2', 'C_3_1:#c1e9c8', 'C_3_2:#a3e0ae', 'C_3_3:#85d794', 'C_3_4:#67ce7a', 'C_3_5:#49c560', 'C_4_0:#dfe9f2', 'C_4_1:#c1d8e9', 'C_4_2:#a3c7e0', 'C_4_3:#85b6d7', 'C_4_4:#67a5ce', 'C_4_5:#4994c5', 'C_5_0:#ecdff2', 'C_5_1:#dac1e9', 'C_5_2:#c8a3e0', 'C_5_3:#b685d7', 'C_5_4:#a467ce', 'C_5_5:#9249c5', 'C_6_0:#d7d1d9', 'C_6_1:#b2a8b3', 'C_6_2:#8d7f8d', 'C_6_3:#685667', 'C_6_4:#432d41', 'C_6_5:#1e041b']
2023-09-18 20:41:02.084 | DEBUG    | palette:generate_random_black:116 - generate_random_black: (0.7222222222222222, 1, 0.0)
2023-09-18 20:41:44.595 | DEBUG    | palette:generate_random_black:116 - generate_random_black: (0.7222222222222222, 1, 0.05)
